[0.007s] Invoking command in '/home/brunoconti/workspace/build/turtlesim': CMAKE_PREFIX_PATH=/home/brunoconti/meu_workspace/src/ola_mundo/install/ola_mundo:/opt/ros/humble /usr/bin/cmake /home/brunoconti/workspace/src/ros_tutorials/turtlesim -DCMAKE_INSTALL_PREFIX=/home/brunoconti/workspace/install/turtlesim
[0.045s] -- The C compiler identification is GNU 11.4.0
[0.083s] -- The CXX compiler identification is GNU 11.4.0
[0.088s] -- Detecting C compiler ABI info
[0.141s] -- Detecting C compiler ABI info - done
[0.147s] -- Check for working C compiler: /usr/bin/cc - skipped
[0.147s] -- Detecting C compile features
[0.147s] -- Detecting C compile features - done
[0.149s] -- Detecting CXX compiler ABI info
[0.207s] -- Detecting CXX compiler ABI info - done
[0.233s] -- Check for working CXX compiler: /usr/bin/c++ - skipped
[0.234s] -- Detecting CXX compile features
[0.236s] -- Detecting CXX compile features - done
[0.243s] -- Found ament_cmake: 1.3.8 (/opt/ros/humble/share/ament_cmake/cmake)
[0.374s] -- Found Python3: /usr/bin/python3 (found version "3.10.12") found components: Interpreter 
[0.437s] -- Found ament_index_cpp: 1.4.0 (/opt/ros/humble/share/ament_index_cpp/cmake)
[0.439s] -- Found geometry_msgs: 4.2.3 (/opt/ros/humble/share/geometry_msgs/cmake)
[0.464s] -- Found rosidl_generator_c: 3.1.5 (/opt/ros/humble/share/rosidl_generator_c/cmake)
[0.468s] -- Found rosidl_adapter: 3.1.5 (/opt/ros/humble/share/rosidl_adapter/cmake)
[0.474s] -- Found rosidl_generator_cpp: 3.1.5 (/opt/ros/humble/share/rosidl_generator_cpp/cmake)
[0.482s] -- Using all available rosidl_typesupport_c: rosidl_typesupport_fastrtps_c;rosidl_typesupport_introspection_c
[0.496s] -- Using all available rosidl_typesupport_cpp: rosidl_typesupport_fastrtps_cpp;rosidl_typesupport_introspection_cpp
[0.582s] -- Found rclcpp: 16.0.8 (/opt/ros/humble/share/rclcpp/cmake)
[0.620s] -- Found rmw_implementation_cmake: 6.1.1 (/opt/ros/humble/share/rmw_implementation_cmake/cmake)
[0.622s] -- Found rmw_fastrtps_cpp: 6.2.6 (/opt/ros/humble/share/rmw_fastrtps_cpp/cmake)
[0.692s] -- Found OpenSSL: /usr/lib/x86_64-linux-gnu/libcrypto.so (found version "3.0.2")  
[0.730s] -- Found FastRTPS: /opt/ros/humble/include  
[0.835s] -- Using RMW implementation 'rmw_fastrtps_cpp' as default
[0.863s] -- Looking for pthread.h
[0.929s] -- Looking for pthread.h - found
[0.930s] -- Performing Test CMAKE_HAVE_LIBC_PTHREAD
[0.993s] -- Performing Test CMAKE_HAVE_LIBC_PTHREAD - Success
[0.996s] -- Found Threads: TRUE  
[1.428s] -- Found rclcpp_action: 16.0.8 (/opt/ros/humble/share/rclcpp_action/cmake)
[1.746s] -- Found rosidl_default_generators: 1.2.0 (/opt/ros/humble/share/rosidl_default_generators/cmake)
[1.778s] -- Found std_srvs: 4.2.3 (/opt/ros/humble/share/std_srvs/cmake)
[2.078s] -- Found ament_cmake_ros: 0.10.0 (/opt/ros/humble/share/ament_cmake_ros/cmake)
[2.390s] -- Using all available rosidl_typesupport_c: rosidl_typesupport_fastrtps_c;rosidl_typesupport_introspection_c
[2.480s] -- Using all available rosidl_typesupport_cpp: rosidl_typesupport_fastrtps_cpp;rosidl_typesupport_introspection_cpp
[2.503s] -- Found PythonInterp: /usr/bin/python3 (found suitable version "3.10.12", minimum required is "3.6") 
[2.509s] -- Found python_cmake_module: 0.10.0 (/opt/ros/humble/share/python_cmake_module/cmake)
[2.534s] -- Found PythonLibs: /usr/lib/x86_64-linux-gnu/libpython3.10.so (found suitable version "3.10.12", minimum required is "3.5") 
[2.534s] -- Using PYTHON_EXECUTABLE: /usr/bin/python3
[2.535s] -- Using PYTHON_INCLUDE_DIRS: /usr/include/python3.10
[2.535s] -- Using PYTHON_LIBRARIES: /usr/lib/x86_64-linux-gnu/libpython3.10.so
[2.548s] -- Found PythonExtra: .so  
[2.661s] -- Configuring done
[2.851s] -- Generating done
[2.861s] -- Build files have been written to: /home/brunoconti/workspace/build/turtlesim
[2.877s] Invoked command in '/home/brunoconti/workspace/build/turtlesim' returned '0': CMAKE_PREFIX_PATH=/home/brunoconti/meu_workspace/src/ola_mundo/install/ola_mundo:/opt/ros/humble /usr/bin/cmake /home/brunoconti/workspace/src/ros_tutorials/turtlesim -DCMAKE_INSTALL_PREFIX=/home/brunoconti/workspace/install/turtlesim
[2.878s] Invoking command in '/home/brunoconti/workspace/build/turtlesim': CMAKE_PREFIX_PATH=/home/brunoconti/meu_workspace/src/ola_mundo/install/ola_mundo:/opt/ros/humble /usr/bin/cmake --build /home/brunoconti/workspace/build/turtlesim -- -j8 -l8
[2.907s] [  1%] [34m[1mGenerating C code for ROS interfaces[0m
[2.915s] [  2%] [34m[1mGenerating C++ code for ROS interfaces[0m
[2.920s] [  2%] Built target ament_cmake_python_copy_turtlesim
[3.090s] running egg_info
[3.090s] creating turtlesim.egg-info
[3.091s] writing turtlesim.egg-info/PKG-INFO
[3.091s] writing dependency_links to turtlesim.egg-info/dependency_links.txt
[3.091s] writing top-level names to turtlesim.egg-info/top_level.txt
[3.091s] writing manifest file 'turtlesim.egg-info/SOURCES.txt'
[3.092s] reading manifest file 'turtlesim.egg-info/SOURCES.txt'
[3.093s] writing manifest file 'turtlesim.egg-info/SOURCES.txt'
[3.116s] [  2%] Built target ament_cmake_python_build_turtlesim_egg
[3.599s] [  2%] Built target turtlesim__cpp
[3.606s] [  5%] [34m[1mGenerating C++ type support for eProsima Fast-RTPS[0m
[3.606s] [  5%] [34m[1mGenerating C++ type support dispatch for ROS interfaces[0m
[3.606s] [  5%] [34m[1mGenerating C++ introspection for ROS interfaces[0m
[4.018s] [  7%] [32mBuilding CXX object CMakeFiles/turtlesim__rosidl_typesupport_cpp.dir/rosidl_typesupport_cpp/turtlesim/msg/pose__type_support.cpp.o[0m
[4.018s] [  8%] [32mBuilding CXX object CMakeFiles/turtlesim__rosidl_typesupport_cpp.dir/rosidl_typesupport_cpp/turtlesim/action/rotate_absolute__type_support.cpp.o[0m
[4.018s] [  7%] [32mBuilding CXX object CMakeFiles/turtlesim__rosidl_typesupport_cpp.dir/rosidl_typesupport_cpp/turtlesim/msg/color__type_support.cpp.o[0m
[4.018s] [  9%] [32mBuilding CXX object CMakeFiles/turtlesim__rosidl_typesupport_cpp.dir/rosidl_typesupport_cpp/turtlesim/srv/kill__type_support.cpp.o[0m
[4.027s] [ 10%] [32mBuilding CXX object CMakeFiles/turtlesim__rosidl_typesupport_cpp.dir/rosidl_typesupport_cpp/turtlesim/srv/set_pen__type_support.cpp.o[0m
[4.352s] [ 11%] [32mBuilding CXX object CMakeFiles/turtlesim__rosidl_typesupport_cpp.dir/rosidl_typesupport_cpp/turtlesim/srv/spawn__type_support.cpp.o[0m
[4.397s] [ 12%] [32mBuilding CXX object CMakeFiles/turtlesim__rosidl_typesupport_cpp.dir/rosidl_typesupport_cpp/turtlesim/srv/teleport_absolute__type_support.cpp.o[0m
[4.417s] [ 13%] [32mBuilding CXX object CMakeFiles/turtlesim__rosidl_typesupport_cpp.dir/rosidl_typesupport_cpp/turtlesim/srv/teleport_relative__type_support.cpp.o[0m
[4.486s] [ 14%] [32mBuilding CXX object CMakeFiles/turtlesim__rosidl_typesupport_introspection_cpp.dir/rosidl_typesupport_introspection_cpp/turtlesim/action/detail/rotate_absolute__type_support.cpp.o[0m
[4.494s] [ 15%] [32mBuilding CXX object CMakeFiles/turtlesim__rosidl_typesupport_introspection_cpp.dir/rosidl_typesupport_introspection_cpp/turtlesim/msg/detail/color__type_support.cpp.o[0m
[4.563s] [ 16%] [32mBuilding CXX object CMakeFiles/turtlesim__rosidl_typesupport_introspection_cpp.dir/rosidl_typesupport_introspection_cpp/turtlesim/msg/detail/pose__type_support.cpp.o[0m
[4.586s] [ 17%] [32mBuilding CXX object CMakeFiles/turtlesim__rosidl_typesupport_fastrtps_cpp.dir/rosidl_typesupport_fastrtps_cpp/turtlesim/action/detail/dds_fastrtps/rotate_absolute__type_support.cpp.o[0m
[4.717s] [ 18%] [32mBuilding CXX object CMakeFiles/turtlesim__rosidl_typesupport_fastrtps_cpp.dir/rosidl_typesupport_fastrtps_cpp/turtlesim/msg/detail/dds_fastrtps/color__type_support.cpp.o[0m
[4.764s] [ 19%] [32mBuilding CXX object CMakeFiles/turtlesim__rosidl_typesupport_fastrtps_cpp.dir/rosidl_typesupport_fastrtps_cpp/turtlesim/msg/detail/dds_fastrtps/pose__type_support.cpp.o[0m
[5.072s] [ 20%] [32mBuilding CXX object CMakeFiles/turtlesim__rosidl_typesupport_introspection_cpp.dir/rosidl_typesupport_introspection_cpp/turtlesim/srv/detail/kill__type_support.cpp.o[0m
[5.111s] [ 21%] [32m[1mLinking CXX shared library libturtlesim__rosidl_typesupport_cpp.so[0m
[5.173s] [ 21%] Built target turtlesim__rosidl_typesupport_cpp
[5.187s] [ 22%] [32mBuilding CXX object CMakeFiles/turtlesim__rosidl_typesupport_introspection_cpp.dir/rosidl_typesupport_introspection_cpp/turtlesim/srv/detail/set_pen__type_support.cpp.o[0m
[5.190s] [ 23%] [32mBuilding CXX object CMakeFiles/turtlesim__rosidl_typesupport_introspection_cpp.dir/rosidl_typesupport_introspection_cpp/turtlesim/srv/detail/spawn__type_support.cpp.o[0m
[5.202s] [ 24%] [32mBuilding CXX object CMakeFiles/turtlesim__rosidl_typesupport_fastrtps_cpp.dir/rosidl_typesupport_fastrtps_cpp/turtlesim/srv/detail/dds_fastrtps/kill__type_support.cpp.o[0m
[5.270s] [ 25%] [32mBuilding CXX object CMakeFiles/turtlesim__rosidl_typesupport_introspection_cpp.dir/rosidl_typesupport_introspection_cpp/turtlesim/srv/detail/teleport_absolute__type_support.cpp.o[0m
[5.274s] [ 26%] [32mBuilding CXX object CMakeFiles/turtlesim__rosidl_typesupport_fastrtps_cpp.dir/rosidl_typesupport_fastrtps_cpp/turtlesim/srv/detail/dds_fastrtps/set_pen__type_support.cpp.o[0m
[5.389s] [ 27%] [32mBuilding CXX object CMakeFiles/turtlesim__rosidl_typesupport_introspection_cpp.dir/rosidl_typesupport_introspection_cpp/turtlesim/srv/detail/teleport_relative__type_support.cpp.o[0m
[5.722s] [ 28%] [32mBuilding CXX object CMakeFiles/turtlesim__rosidl_typesupport_fastrtps_cpp.dir/rosidl_typesupport_fastrtps_cpp/turtlesim/srv/detail/dds_fastrtps/spawn__type_support.cpp.o[0m
[5.731s] [ 29%] [34m[1mGenerating include/turtlesim/moc_turtle_frame.cpp[0m
[5.733s] [ 30%] [32mBuilding CXX object CMakeFiles/turtlesim__rosidl_typesupport_fastrtps_cpp.dir/rosidl_typesupport_fastrtps_cpp/turtlesim/srv/detail/dds_fastrtps/teleport_absolute__type_support.cpp.o[0m
[5.737s] [ 31%] [32mBuilding CXX object CMakeFiles/turtlesim__rosidl_typesupport_fastrtps_cpp.dir/rosidl_typesupport_fastrtps_cpp/turtlesim/srv/detail/dds_fastrtps/teleport_relative__type_support.cpp.o[0m
[5.751s] [ 32%] [32mBuilding C object CMakeFiles/turtlesim__rosidl_generator_c.dir/rosidl_generator_c/turtlesim/action/detail/rotate_absolute__functions.c.o[0m
[5.818s] [ 33%] [32mBuilding C object CMakeFiles/turtlesim__rosidl_generator_c.dir/rosidl_generator_c/turtlesim/msg/detail/color__functions.c.o[0m
[5.878s] [ 34%] [32mBuilding CXX object CMakeFiles/turtlesim_node.dir/src/turtlesim.cpp.o[0m
[5.892s] [ 35%] [32mBuilding C object CMakeFiles/turtlesim__rosidl_generator_c.dir/rosidl_generator_c/turtlesim/srv/detail/kill__functions.c.o[0m
[5.893s] [ 36%] [32mBuilding C object CMakeFiles/turtlesim__rosidl_generator_c.dir/rosidl_generator_c/turtlesim/msg/detail/pose__functions.c.o[0m
[5.924s] [ 37%] [32mBuilding C object CMakeFiles/turtlesim__rosidl_generator_c.dir/rosidl_generator_c/turtlesim/srv/detail/set_pen__functions.c.o[0m
[5.960s] [ 38%] [32mBuilding C object CMakeFiles/turtlesim__rosidl_generator_c.dir/rosidl_generator_c/turtlesim/srv/detail/spawn__functions.c.o[0m
[6.007s] [ 39%] [32mBuilding C object CMakeFiles/turtlesim__rosidl_generator_c.dir/rosidl_generator_c/turtlesim/srv/detail/teleport_absolute__functions.c.o[0m
[6.071s] [ 40%] [32mBuilding C object CMakeFiles/turtlesim__rosidl_generator_c.dir/rosidl_generator_c/turtlesim/srv/detail/teleport_relative__functions.c.o[0m
[6.085s] [ 41%] [32mBuilding CXX object CMakeFiles/turtlesim_node.dir/src/turtle.cpp.o[0m
[6.098s] [ 42%] [32m[1mLinking CXX shared library libturtlesim__rosidl_typesupport_introspection_cpp.so[0m
[6.101s] [ 43%] [32mBuilding CXX object CMakeFiles/turtlesim_node.dir/src/turtle_frame.cpp.o[0m
[6.152s] [ 44%] [32m[1mLinking C shared library libturtlesim__rosidl_generator_c.so[0m
[6.211s] [ 44%] Built target turtlesim__rosidl_typesupport_introspection_cpp
[6.235s] [ 44%] Built target turtlesim__rosidl_generator_c
[6.246s] [ 45%] [32mBuilding CXX object CMakeFiles/turtle_teleop_key.dir/tutorials/teleop_turtle_key.cpp.o[0m
[6.247s] [ 46%] [32mBuilding CXX object CMakeFiles/draw_square.dir/tutorials/draw_square.cpp.o[0m
[6.266s] [ 47%] [32mBuilding CXX object CMakeFiles/mimic.dir/tutorials/mimic.cpp.o[0m
[6.271s] [ 48%] [32m[1mLinking CXX shared library libturtlesim__rosidl_typesupport_fastrtps_cpp.so[0m
[6.278s] [ 49%] [32mBuilding CXX object CMakeFiles/turtlesim_node.dir/include/turtlesim/moc_turtle_frame.cpp.o[0m
[6.369s] [ 49%] Built target turtlesim__rosidl_typesupport_fastrtps_cpp
[6.382s] [ 50%] [34m[1mGenerating C type support for eProsima Fast-RTPS[0m
[8.734s] [ 51%] [32mBuilding CXX object CMakeFiles/turtlesim__rosidl_typesupport_fastrtps_c.dir/rosidl_typesupport_fastrtps_c/turtlesim/action/detail/rotate_absolute__type_support_c.cpp.o[0m
[9.397s] [ 52%] [32mBuilding CXX object CMakeFiles/turtlesim__rosidl_typesupport_fastrtps_c.dir/rosidl_typesupport_fastrtps_c/turtlesim/msg/detail/color__type_support_c.cpp.o[0m
[10.190s] [ 53%] [32mBuilding CXX object CMakeFiles/turtlesim__rosidl_typesupport_fastrtps_c.dir/rosidl_typesupport_fastrtps_c/turtlesim/msg/detail/pose__type_support_c.cpp.o[0m
[10.621s] [ 54%] [32mBuilding CXX object CMakeFiles/turtlesim__rosidl_typesupport_fastrtps_c.dir/rosidl_typesupport_fastrtps_c/turtlesim/srv/detail/kill__type_support_c.cpp.o[0m
[11.252s] [ 55%] [32mBuilding CXX object CMakeFiles/turtlesim__rosidl_typesupport_fastrtps_c.dir/rosidl_typesupport_fastrtps_c/turtlesim/srv/detail/set_pen__type_support_c.cpp.o[0m
[12.041s] [ 56%] [32mBuilding CXX object CMakeFiles/turtlesim__rosidl_typesupport_fastrtps_c.dir/rosidl_typesupport_fastrtps_c/turtlesim/srv/detail/spawn__type_support_c.cpp.o[0m
[12.263s] [ 57%] [32mBuilding CXX object CMakeFiles/turtlesim__rosidl_typesupport_fastrtps_c.dir/rosidl_typesupport_fastrtps_c/turtlesim/srv/detail/teleport_absolute__type_support_c.cpp.o[0m
[12.763s] [ 58%] [32mBuilding CXX object CMakeFiles/turtlesim__rosidl_typesupport_fastrtps_c.dir/rosidl_typesupport_fastrtps_c/turtlesim/srv/detail/teleport_relative__type_support_c.cpp.o[0m
[12.904s] [ 59%] [34m[1mGenerating C introspection for ROS interfaces[0m
[13.098s] [ 60%] [34m[1mGenerating C type support dispatch for ROS interfaces[0m
[13.865s] [ 61%] [32m[1mLinking CXX shared library libturtlesim__rosidl_typesupport_fastrtps_c.so[0m
[13.983s] [ 61%] Built target turtlesim__rosidl_typesupport_fastrtps_c
[14.004s] [ 62%] [32mBuilding CXX object CMakeFiles/turtlesim__rosidl_typesupport_c.dir/rosidl_typesupport_c/turtlesim/action/rotate_absolute__type_support.cpp.o[0m
[14.065s] [ 63%] [32mBuilding CXX object CMakeFiles/turtlesim__rosidl_typesupport_c.dir/rosidl_typesupport_c/turtlesim/msg/color__type_support.cpp.o[0m
[14.070s] [ 64%] [32mBuilding C object CMakeFiles/turtlesim__rosidl_typesupport_introspection_c.dir/rosidl_typesupport_introspection_c/turtlesim/action/detail/rotate_absolute__type_support.c.o[0m
[14.099s] [ 65%] [32mBuilding CXX object CMakeFiles/turtlesim__rosidl_typesupport_c.dir/rosidl_typesupport_c/turtlesim/msg/pose__type_support.cpp.o[0m
[14.142s] [ 66%] [32mBuilding CXX object CMakeFiles/turtlesim__rosidl_typesupport_c.dir/rosidl_typesupport_c/turtlesim/srv/kill__type_support.cpp.o[0m
[14.149s] [ 67%] [32mBuilding CXX object CMakeFiles/turtlesim__rosidl_typesupport_c.dir/rosidl_typesupport_c/turtlesim/srv/set_pen__type_support.cpp.o[0m
[14.195s] [ 68%] [32mBuilding CXX object CMakeFiles/turtlesim__rosidl_typesupport_c.dir/rosidl_typesupport_c/turtlesim/srv/teleport_absolute__type_support.cpp.o[0m
[14.204s] [ 69%] [32mBuilding CXX object CMakeFiles/turtlesim__rosidl_typesupport_c.dir/rosidl_typesupport_c/turtlesim/srv/spawn__type_support.cpp.o[0m
[14.218s] [ 70%] [32mBuilding C object CMakeFiles/turtlesim__rosidl_typesupport_introspection_c.dir/rosidl_typesupport_introspection_c/turtlesim/msg/detail/color__type_support.c.o[0m
[14.251s] [ 71%] [32mBuilding CXX object CMakeFiles/turtlesim__rosidl_typesupport_c.dir/rosidl_typesupport_c/turtlesim/srv/teleport_relative__type_support.cpp.o[0m
[14.261s] [ 72%] [32mBuilding C object CMakeFiles/turtlesim__rosidl_typesupport_introspection_c.dir/rosidl_typesupport_introspection_c/turtlesim/msg/detail/pose__type_support.c.o[0m
[14.300s] [ 73%] [32mBuilding C object CMakeFiles/turtlesim__rosidl_typesupport_introspection_c.dir/rosidl_typesupport_introspection_c/turtlesim/srv/detail/kill__type_support.c.o[0m
[14.324s] [ 74%] [32mBuilding C object CMakeFiles/turtlesim__rosidl_typesupport_introspection_c.dir/rosidl_typesupport_introspection_c/turtlesim/srv/detail/set_pen__type_support.c.o[0m
[14.344s] [ 75%] [32m[1mLinking CXX shared library libturtlesim__rosidl_typesupport_c.so[0m
[14.390s] [ 76%] [32mBuilding C object CMakeFiles/turtlesim__rosidl_typesupport_introspection_c.dir/rosidl_typesupport_introspection_c/turtlesim/srv/detail/spawn__type_support.c.o[0m
[14.426s] [ 77%] [32mBuilding C object CMakeFiles/turtlesim__rosidl_typesupport_introspection_c.dir/rosidl_typesupport_introspection_c/turtlesim/srv/detail/teleport_absolute__type_support.c.o[0m
[14.450s] [ 77%] Built target turtlesim__rosidl_typesupport_c
[14.480s] [ 78%] [32mBuilding C object CMakeFiles/turtlesim__rosidl_typesupport_introspection_c.dir/rosidl_typesupport_introspection_c/turtlesim/srv/detail/teleport_relative__type_support.c.o[0m
[14.588s] [ 79%] [32m[1mLinking C shared library libturtlesim__rosidl_typesupport_introspection_c.so[0m
[14.642s] [ 79%] Built target turtlesim__rosidl_typesupport_introspection_c
[14.664s] [ 79%] Built target turtlesim
[14.690s] [ 80%] [34m[1mGenerating Python code for ROS interfaces[0m
[15.386s] [ 81%] [32m[1mLinking CXX executable turtle_teleop_key[0m
[16.152s] [ 81%] Built target turtle_teleop_key
[16.631s] [ 81%] Built target turtlesim__py
[16.651s] [ 82%] [32mBuilding C object CMakeFiles/turtlesim__rosidl_generator_py.dir/rosidl_generator_py/turtlesim/action/_rotate_absolute_s.c.o[0m
[16.652s] [ 83%] [32mBuilding C object CMakeFiles/turtlesim__rosidl_generator_py.dir/rosidl_generator_py/turtlesim/msg/_color_s.c.o[0m
[16.653s] [ 84%] [32mBuilding C object CMakeFiles/turtlesim__rosidl_generator_py.dir/rosidl_generator_py/turtlesim/srv/_kill_s.c.o[0m
[16.664s] [ 85%] [32mBuilding C object CMakeFiles/turtlesim__rosidl_generator_py.dir/rosidl_generator_py/turtlesim/msg/_pose_s.c.o[0m
[16.809s] [ 86%] [32mBuilding C object CMakeFiles/turtlesim__rosidl_generator_py.dir/rosidl_generator_py/turtlesim/srv/_spawn_s.c.o[0m
[16.829s] [ 87%] [32mBuilding C object CMakeFiles/turtlesim__rosidl_generator_py.dir/rosidl_generator_py/turtlesim/srv/_set_pen_s.c.o[0m
[16.849s] [ 88%] [32mBuilding C object CMakeFiles/turtlesim__rosidl_generator_py.dir/rosidl_generator_py/turtlesim/srv/_teleport_absolute_s.c.o[0m
[16.988s] [ 89%] [32mBuilding C object CMakeFiles/turtlesim__rosidl_generator_py.dir/rosidl_generator_py/turtlesim/srv/_teleport_relative_s.c.o[0m
[17.271s] [ 90%] [32m[1mLinking C shared library rosidl_generator_py/turtlesim/libturtlesim__rosidl_generator_py.so[0m
[17.388s] [ 90%] Built target turtlesim__rosidl_generator_py
[17.413s] [ 92%] [32mBuilding C object CMakeFiles/turtlesim__rosidl_typesupport_introspection_c__pyext.dir/rosidl_generator_py/turtlesim/_turtlesim_s.ep.rosidl_typesupport_introspection_c.c.o[0m
[17.413s] [ 92%] [32mBuilding C object CMakeFiles/turtlesim__rosidl_typesupport_fastrtps_c__pyext.dir/rosidl_generator_py/turtlesim/_turtlesim_s.ep.rosidl_typesupport_fastrtps_c.c.o[0m
[17.416s] [ 93%] [32m[1mLinking CXX executable mimic[0m
[17.433s] [ 94%] [32mBuilding C object CMakeFiles/turtlesim__rosidl_typesupport_c__pyext.dir/rosidl_generator_py/turtlesim/_turtlesim_s.ep.rosidl_typesupport_c.c.o[0m
[17.607s] [ 95%] [32m[1mLinking C shared library rosidl_generator_py/turtlesim/turtlesim_s__rosidl_typesupport_introspection_c.cpython-310-x86_64-linux-gnu.so[0m
[17.647s] [ 96%] [32m[1mLinking C shared library rosidl_generator_py/turtlesim/turtlesim_s__rosidl_typesupport_c.cpython-310-x86_64-linux-gnu.so[0m
[17.661s] [ 97%] [32m[1mLinking C shared library rosidl_generator_py/turtlesim/turtlesim_s__rosidl_typesupport_fastrtps_c.cpython-310-x86_64-linux-gnu.so[0m
[17.672s] [ 97%] Built target turtlesim__rosidl_typesupport_introspection_c__pyext
[17.702s] [ 97%] Built target turtlesim__rosidl_typesupport_c__pyext
[17.717s] [ 97%] Built target turtlesim__rosidl_typesupport_fastrtps_c__pyext
[17.941s] [ 97%] Built target mimic
[19.182s] [ 98%] [32m[1mLinking CXX executable draw_square[0m
[19.555s] [ 98%] Built target draw_square
[29.197s] [100%] [32m[1mLinking CXX executable turtlesim_node[0m
[30.938s] [100%] Built target turtlesim_node
[30.949s] Invoked command in '/home/brunoconti/workspace/build/turtlesim' returned '0': CMAKE_PREFIX_PATH=/home/brunoconti/meu_workspace/src/ola_mundo/install/ola_mundo:/opt/ros/humble /usr/bin/cmake --build /home/brunoconti/workspace/build/turtlesim -- -j8 -l8
[31.115s] Invoking command in '/home/brunoconti/workspace/build/turtlesim': CMAKE_PREFIX_PATH=/home/brunoconti/meu_workspace/src/ola_mundo/install/ola_mundo:/opt/ros/humble /usr/bin/cmake --install /home/brunoconti/workspace/build/turtlesim
[31.120s] -- Install configuration: ""
[31.120s] -- Installing: /home/brunoconti/workspace/install/turtlesim/share/ament_index/resource_index/rosidl_interfaces/turtlesim
[31.120s] -- Installing: /home/brunoconti/workspace/install/turtlesim/include/turtlesim/turtlesim
[31.120s] -- Installing: /home/brunoconti/workspace/install/turtlesim/include/turtlesim/turtlesim/action
[31.120s] -- Installing: /home/brunoconti/workspace/install/turtlesim/include/turtlesim/turtlesim/action/detail
[31.120s] -- Installing: /home/brunoconti/workspace/install/turtlesim/include/turtlesim/turtlesim/action/detail/rotate_absolute__struct.h
[31.121s] -- Installing: /home/brunoconti/workspace/install/turtlesim/include/turtlesim/turtlesim/action/detail/rotate_absolute__type_support.h
[31.121s] -- Installing: /home/brunoconti/workspace/install/turtlesim/include/turtlesim/turtlesim/action/detail/rotate_absolute__functions.c
[31.121s] -- Installing: /home/brunoconti/workspace/install/turtlesim/include/turtlesim/turtlesim/action/detail/rotate_absolute__functions.h
[31.121s] -- Installing: /home/brunoconti/workspace/install/turtlesim/include/turtlesim/turtlesim/action/rotate_absolute.h
[31.121s] -- Installing: /home/brunoconti/workspace/install/turtlesim/include/turtlesim/turtlesim/srv
[31.121s] -- Installing: /home/brunoconti/workspace/install/turtlesim/include/turtlesim/turtlesim/srv/teleport_relative.h
[31.121s] -- Installing: /home/brunoconti/workspace/install/turtlesim/include/turtlesim/turtlesim/srv/detail
[31.121s] -- Installing: /home/brunoconti/workspace/install/turtlesim/include/turtlesim/turtlesim/srv/detail/teleport_relative__functions.h
[31.121s] -- Installing: /home/brunoconti/workspace/install/turtlesim/include/turtlesim/turtlesim/srv/detail/spawn__struct.h
[31.121s] -- Installing: /home/brunoconti/workspace/install/turtlesim/include/turtlesim/turtlesim/srv/detail/set_pen__struct.h
[31.121s] -- Installing: /home/brunoconti/workspace/install/turtlesim/include/turtlesim/turtlesim/srv/detail/teleport_absolute__functions.h
[31.121s] -- Installing: /home/brunoconti/workspace/install/turtlesim/include/turtlesim/turtlesim/srv/detail/teleport_absolute__type_support.h
[31.122s] -- Installing: /home/brunoconti/workspace/install/turtlesim/include/turtlesim/turtlesim/srv/detail/teleport_absolute__functions.c
[31.122s] -- Installing: /home/brunoconti/workspace/install/turtlesim/include/turtlesim/turtlesim/srv/detail/set_pen__functions.h
[31.122s] -- Installing: /home/brunoconti/workspace/install/turtlesim/include/turtlesim/turtlesim/srv/detail/kill__struct.h
[31.122s] -- Installing: /home/brunoconti/workspace/install/turtlesim/include/turtlesim/turtlesim/srv/detail/kill__functions.h
[31.122s] -- Installing: /home/brunoconti/workspace/install/turtlesim/include/turtlesim/turtlesim/srv/detail/set_pen__type_support.h
[31.122s] -- Installing: /home/brunoconti/workspace/install/turtlesim/include/turtlesim/turtlesim/srv/detail/teleport_relative__functions.c
[31.122s] -- Installing: /home/brunoconti/workspace/install/turtlesim/include/turtlesim/turtlesim/srv/detail/kill__functions.c
[31.122s] -- Installing: /home/brunoconti/workspace/install/turtlesim/include/turtlesim/turtlesim/srv/detail/kill__type_support.h
[31.122s] -- Installing: /home/brunoconti/workspace/install/turtlesim/include/turtlesim/turtlesim/srv/detail/teleport_relative__type_support.h
[31.122s] -- Installing: /home/brunoconti/workspace/install/turtlesim/include/turtlesim/turtlesim/srv/detail/spawn__functions.h
[31.122s] -- Installing: /home/brunoconti/workspace/install/turtlesim/include/turtlesim/turtlesim/srv/detail/teleport_relative__struct.h
[31.122s] -- Installing: /home/brunoconti/workspace/install/turtlesim/include/turtlesim/turtlesim/srv/detail/spawn__functions.c
[31.122s] -- Installing: /home/brunoconti/workspace/install/turtlesim/include/turtlesim/turtlesim/srv/detail/set_pen__functions.c
[31.122s] -- Installing: /home/brunoconti/workspace/install/turtlesim/include/turtlesim/turtlesim/srv/detail/teleport_absolute__struct.h
[31.122s] -- Installing: /home/brunoconti/workspace/install/turtlesim/include/turtlesim/turtlesim/srv/detail/spawn__type_support.h
[31.122s] -- Installing: /home/brunoconti/workspace/install/turtlesim/include/turtlesim/turtlesim/srv/teleport_absolute.h
[31.122s] -- Installing: /home/brunoconti/workspace/install/turtlesim/include/turtlesim/turtlesim/srv/kill.h
[31.123s] -- Installing: /home/brunoconti/workspace/install/turtlesim/include/turtlesim/turtlesim/srv/set_pen.h
[31.123s] -- Installing: /home/brunoconti/workspace/install/turtlesim/include/turtlesim/turtlesim/srv/spawn.h
[31.123s] -- Installing: /home/brunoconti/workspace/install/turtlesim/include/turtlesim/turtlesim/msg
[31.123s] -- Installing: /home/brunoconti/workspace/install/turtlesim/include/turtlesim/turtlesim/msg/rosidl_generator_c__visibility_control.h
[31.123s] -- Installing: /home/brunoconti/workspace/install/turtlesim/include/turtlesim/turtlesim/msg/detail
[31.123s] -- Installing: /home/brunoconti/workspace/install/turtlesim/include/turtlesim/turtlesim/msg/detail/color__functions.c
[31.123s] -- Installing: /home/brunoconti/workspace/install/turtlesim/include/turtlesim/turtlesim/msg/detail/pose__functions.c
[31.123s] -- Installing: /home/brunoconti/workspace/install/turtlesim/include/turtlesim/turtlesim/msg/detail/pose__type_support.h
[31.123s] -- Installing: /home/brunoconti/workspace/install/turtlesim/include/turtlesim/turtlesim/msg/detail/pose__struct.h
[31.123s] -- Installing: /home/brunoconti/workspace/install/turtlesim/include/turtlesim/turtlesim/msg/detail/color__type_support.h
[31.123s] -- Installing: /home/brunoconti/workspace/install/turtlesim/include/turtlesim/turtlesim/msg/detail/pose__functions.h
[31.123s] -- Installing: /home/brunoconti/workspace/install/turtlesim/include/turtlesim/turtlesim/msg/detail/color__functions.h
[31.123s] -- Installing: /home/brunoconti/workspace/install/turtlesim/include/turtlesim/turtlesim/msg/detail/color__struct.h
[31.123s] -- Installing: /home/brunoconti/workspace/install/turtlesim/include/turtlesim/turtlesim/msg/color.h
[31.123s] -- Installing: /home/brunoconti/workspace/install/turtlesim/include/turtlesim/turtlesim/msg/pose.h
[31.123s] -- Installing: /home/brunoconti/workspace/install/turtlesim/share/turtlesim/environment/library_path.sh
[31.123s] -- Installing: /home/brunoconti/workspace/install/turtlesim/share/turtlesim/environment/library_path.dsv
[31.123s] -- Installing: /home/brunoconti/workspace/install/turtlesim/lib/libturtlesim__rosidl_generator_c.so
[31.124s] -- Set runtime path of "/home/brunoconti/workspace/install/turtlesim/lib/libturtlesim__rosidl_generator_c.so" to ""
[31.124s] -- Up-to-date: /home/brunoconti/workspace/install/turtlesim/include/turtlesim/turtlesim
[31.124s] -- Up-to-date: /home/brunoconti/workspace/install/turtlesim/include/turtlesim/turtlesim/action
[31.124s] -- Up-to-date: /home/brunoconti/workspace/install/turtlesim/include/turtlesim/turtlesim/action/detail
[31.124s] -- Installing: /home/brunoconti/workspace/install/turtlesim/include/turtlesim/turtlesim/action/detail/rotate_absolute__rosidl_typesupport_fastrtps_c.h
[31.124s] -- Up-to-date: /home/brunoconti/workspace/install/turtlesim/include/turtlesim/turtlesim/srv
[31.124s] -- Up-to-date: /home/brunoconti/workspace/install/turtlesim/include/turtlesim/turtlesim/srv/detail
[31.124s] -- Installing: /home/brunoconti/workspace/install/turtlesim/include/turtlesim/turtlesim/srv/detail/spawn__rosidl_typesupport_fastrtps_c.h
[31.124s] -- Installing: /home/brunoconti/workspace/install/turtlesim/include/turtlesim/turtlesim/srv/detail/teleport_absolute__rosidl_typesupport_fastrtps_c.h
[31.124s] -- Installing: /home/brunoconti/workspace/install/turtlesim/include/turtlesim/turtlesim/srv/detail/teleport_relative__rosidl_typesupport_fastrtps_c.h
[31.124s] -- Installing: /home/brunoconti/workspace/install/turtlesim/include/turtlesim/turtlesim/srv/detail/kill__rosidl_typesupport_fastrtps_c.h
[31.124s] -- Installing: /home/brunoconti/workspace/install/turtlesim/include/turtlesim/turtlesim/srv/detail/set_pen__rosidl_typesupport_fastrtps_c.h
[31.124s] -- Up-to-date: /home/brunoconti/workspace/install/turtlesim/include/turtlesim/turtlesim/msg
[31.124s] -- Installing: /home/brunoconti/workspace/install/turtlesim/include/turtlesim/turtlesim/msg/rosidl_typesupport_fastrtps_c__visibility_control.h
[31.124s] -- Up-to-date: /home/brunoconti/workspace/install/turtlesim/include/turtlesim/turtlesim/msg/detail
[31.124s] -- Installing: /home/brunoconti/workspace/install/turtlesim/include/turtlesim/turtlesim/msg/detail/pose__rosidl_typesupport_fastrtps_c.h
[31.124s] -- Installing: /home/brunoconti/workspace/install/turtlesim/include/turtlesim/turtlesim/msg/detail/color__rosidl_typesupport_fastrtps_c.h
[31.124s] -- Installing: /home/brunoconti/workspace/install/turtlesim/lib/libturtlesim__rosidl_typesupport_fastrtps_c.so
[31.125s] -- Set runtime path of "/home/brunoconti/workspace/install/turtlesim/lib/libturtlesim__rosidl_typesupport_fastrtps_c.so" to ""
[31.125s] -- Up-to-date: /home/brunoconti/workspace/install/turtlesim/include/turtlesim/turtlesim
[31.125s] -- Up-to-date: /home/brunoconti/workspace/install/turtlesim/include/turtlesim/turtlesim/action
[31.125s] -- Installing: /home/brunoconti/workspace/install/turtlesim/include/turtlesim/turtlesim/action/rotate_absolute.hpp
[31.125s] -- Up-to-date: /home/brunoconti/workspace/install/turtlesim/include/turtlesim/turtlesim/action/detail
[31.125s] -- Installing: /home/brunoconti/workspace/install/turtlesim/include/turtlesim/turtlesim/action/detail/rotate_absolute__traits.hpp
[31.125s] -- Installing: /home/brunoconti/workspace/install/turtlesim/include/turtlesim/turtlesim/action/detail/rotate_absolute__builder.hpp
[31.125s] -- Installing: /home/brunoconti/workspace/install/turtlesim/include/turtlesim/turtlesim/action/detail/rotate_absolute__struct.hpp
[31.125s] -- Up-to-date: /home/brunoconti/workspace/install/turtlesim/include/turtlesim/turtlesim/srv
[31.125s] -- Installing: /home/brunoconti/workspace/install/turtlesim/include/turtlesim/turtlesim/srv/set_pen.hpp
[31.125s] -- Installing: /home/brunoconti/workspace/install/turtlesim/include/turtlesim/turtlesim/srv/teleport_relative.hpp
[31.125s] -- Installing: /home/brunoconti/workspace/install/turtlesim/include/turtlesim/turtlesim/srv/spawn.hpp
[31.125s] -- Installing: /home/brunoconti/workspace/install/turtlesim/include/turtlesim/turtlesim/srv/teleport_absolute.hpp
[31.125s] -- Up-to-date: /home/brunoconti/workspace/install/turtlesim/include/turtlesim/turtlesim/srv/detail
[31.125s] -- Installing: /home/brunoconti/workspace/install/turtlesim/include/turtlesim/turtlesim/srv/detail/teleport_relative__builder.hpp
[31.125s] -- Installing: /home/brunoconti/workspace/install/turtlesim/include/turtlesim/turtlesim/srv/detail/kill__struct.hpp
[31.125s] -- Installing: /home/brunoconti/workspace/install/turtlesim/include/turtlesim/turtlesim/srv/detail/kill__traits.hpp
[31.125s] -- Installing: /home/brunoconti/workspace/install/turtlesim/include/turtlesim/turtlesim/srv/detail/teleport_absolute__builder.hpp
[31.125s] -- Installing: /home/brunoconti/workspace/install/turtlesim/include/turtlesim/turtlesim/srv/detail/spawn__builder.hpp
[31.125s] -- Installing: /home/brunoconti/workspace/install/turtlesim/include/turtlesim/turtlesim/srv/detail/set_pen__traits.hpp
[31.126s] -- Installing: /home/brunoconti/workspace/install/turtlesim/include/turtlesim/turtlesim/srv/detail/set_pen__builder.hpp
[31.126s] -- Installing: /home/brunoconti/workspace/install/turtlesim/include/turtlesim/turtlesim/srv/detail/teleport_relative__traits.hpp
[31.126s] -- Installing: /home/brunoconti/workspace/install/turtlesim/include/turtlesim/turtlesim/srv/detail/teleport_absolute__struct.hpp
[31.126s] -- Installing: /home/brunoconti/workspace/install/turtlesim/include/turtlesim/turtlesim/srv/detail/teleport_relative__struct.hpp
[31.126s] -- Installing: /home/brunoconti/workspace/install/turtlesim/include/turtlesim/turtlesim/srv/detail/set_pen__struct.hpp
[31.126s] -- Installing: /home/brunoconti/workspace/install/turtlesim/include/turtlesim/turtlesim/srv/detail/kill__builder.hpp
[31.126s] -- Installing: /home/brunoconti/workspace/install/turtlesim/include/turtlesim/turtlesim/srv/detail/spawn__traits.hpp
[31.126s] -- Installing: /home/brunoconti/workspace/install/turtlesim/include/turtlesim/turtlesim/srv/detail/teleport_absolute__traits.hpp
[31.126s] -- Installing: /home/brunoconti/workspace/install/turtlesim/include/turtlesim/turtlesim/srv/detail/spawn__struct.hpp
[31.126s] -- Installing: /home/brunoconti/workspace/install/turtlesim/include/turtlesim/turtlesim/srv/kill.hpp
[31.126s] -- Up-to-date: /home/brunoconti/workspace/install/turtlesim/include/turtlesim/turtlesim/msg
[31.126s] -- Installing: /home/brunoconti/workspace/install/turtlesim/include/turtlesim/turtlesim/msg/color.hpp
[31.126s] -- Up-to-date: /home/brunoconti/workspace/install/turtlesim/include/turtlesim/turtlesim/msg/detail
[31.126s] -- Installing: /home/brunoconti/workspace/install/turtlesim/include/turtlesim/turtlesim/msg/detail/color__struct.hpp
[31.126s] -- Installing: /home/brunoconti/workspace/install/turtlesim/include/turtlesim/turtlesim/msg/detail/color__traits.hpp
[31.126s] -- Installing: /home/brunoconti/workspace/install/turtlesim/include/turtlesim/turtlesim/msg/detail/color__builder.hpp
[31.126s] -- Installing: /home/brunoconti/workspace/install/turtlesim/include/turtlesim/turtlesim/msg/detail/pose__traits.hpp
[31.126s] -- Installing: /home/brunoconti/workspace/install/turtlesim/include/turtlesim/turtlesim/msg/detail/pose__builder.hpp
[31.126s] -- Installing: /home/brunoconti/workspace/install/turtlesim/include/turtlesim/turtlesim/msg/detail/pose__struct.hpp
[31.126s] -- Installing: /home/brunoconti/workspace/install/turtlesim/include/turtlesim/turtlesim/msg/pose.hpp
[31.126s] -- Up-to-date: /home/brunoconti/workspace/install/turtlesim/include/turtlesim/turtlesim
[31.126s] -- Up-to-date: /home/brunoconti/workspace/install/turtlesim/include/turtlesim/turtlesim/action
[31.127s] -- Up-to-date: /home/brunoconti/workspace/install/turtlesim/include/turtlesim/turtlesim/action/detail
[31.127s] -- Installing: /home/brunoconti/workspace/install/turtlesim/include/turtlesim/turtlesim/action/detail/dds_fastrtps
[31.127s] -- Installing: /home/brunoconti/workspace/install/turtlesim/include/turtlesim/turtlesim/action/detail/rotate_absolute__rosidl_typesupport_fastrtps_cpp.hpp
[31.127s] -- Up-to-date: /home/brunoconti/workspace/install/turtlesim/include/turtlesim/turtlesim/srv
[31.127s] -- Up-to-date: /home/brunoconti/workspace/install/turtlesim/include/turtlesim/turtlesim/srv/detail
[31.127s] -- Installing: /home/brunoconti/workspace/install/turtlesim/include/turtlesim/turtlesim/srv/detail/set_pen__rosidl_typesupport_fastrtps_cpp.hpp
[31.127s] -- Installing: /home/brunoconti/workspace/install/turtlesim/include/turtlesim/turtlesim/srv/detail/spawn__rosidl_typesupport_fastrtps_cpp.hpp
[31.127s] -- Installing: /home/brunoconti/workspace/install/turtlesim/include/turtlesim/turtlesim/srv/detail/dds_fastrtps
[31.127s] -- Installing: /home/brunoconti/workspace/install/turtlesim/include/turtlesim/turtlesim/srv/detail/kill__rosidl_typesupport_fastrtps_cpp.hpp
[31.127s] -- Installing: /home/brunoconti/workspace/install/turtlesim/include/turtlesim/turtlesim/srv/detail/teleport_absolute__rosidl_typesupport_fastrtps_cpp.hpp
[31.127s] -- Installing: /home/brunoconti/workspace/install/turtlesim/include/turtlesim/turtlesim/srv/detail/teleport_relative__rosidl_typesupport_fastrtps_cpp.hpp
[31.127s] -- Up-to-date: /home/brunoconti/workspace/install/turtlesim/include/turtlesim/turtlesim/msg
[31.127s] -- Installing: /home/brunoconti/workspace/install/turtlesim/include/turtlesim/turtlesim/msg/rosidl_typesupport_fastrtps_cpp__visibility_control.h
[31.127s] -- Up-to-date: /home/brunoconti/workspace/install/turtlesim/include/turtlesim/turtlesim/msg/detail
[31.127s] -- Installing: /home/brunoconti/workspace/install/turtlesim/include/turtlesim/turtlesim/msg/detail/color__rosidl_typesupport_fastrtps_cpp.hpp
[31.127s] -- Installing: /home/brunoconti/workspace/install/turtlesim/include/turtlesim/turtlesim/msg/detail/dds_fastrtps
[31.127s] -- Installing: /home/brunoconti/workspace/install/turtlesim/include/turtlesim/turtlesim/msg/detail/pose__rosidl_typesupport_fastrtps_cpp.hpp
[31.127s] -- Installing: /home/brunoconti/workspace/install/turtlesim/lib/libturtlesim__rosidl_typesupport_fastrtps_cpp.so
[31.127s] -- Set runtime path of "/home/brunoconti/workspace/install/turtlesim/lib/libturtlesim__rosidl_typesupport_fastrtps_cpp.so" to ""
[31.127s] -- Up-to-date: /home/brunoconti/workspace/install/turtlesim/include/turtlesim/turtlesim
[31.127s] -- Up-to-date: /home/brunoconti/workspace/install/turtlesim/include/turtlesim/turtlesim/action
[31.128s] -- Up-to-date: /home/brunoconti/workspace/install/turtlesim/include/turtlesim/turtlesim/action/detail
[31.128s] -- Installing: /home/brunoconti/workspace/install/turtlesim/include/turtlesim/turtlesim/action/detail/rotate_absolute__type_support.c
[31.128s] -- Installing: /home/brunoconti/workspace/install/turtlesim/include/turtlesim/turtlesim/action/detail/rotate_absolute__rosidl_typesupport_introspection_c.h
[31.128s] -- Up-to-date: /home/brunoconti/workspace/install/turtlesim/include/turtlesim/turtlesim/srv
[31.128s] -- Up-to-date: /home/brunoconti/workspace/install/turtlesim/include/turtlesim/turtlesim/srv/detail
[31.128s] -- Installing: /home/brunoconti/workspace/install/turtlesim/include/turtlesim/turtlesim/srv/detail/kill__type_support.c
[31.128s] -- Installing: /home/brunoconti/workspace/install/turtlesim/include/turtlesim/turtlesim/srv/detail/set_pen__rosidl_typesupport_introspection_c.h
[31.128s] -- Installing: /home/brunoconti/workspace/install/turtlesim/include/turtlesim/turtlesim/srv/detail/teleport_absolute__rosidl_typesupport_introspection_c.h
[31.128s] -- Installing: /home/brunoconti/workspace/install/turtlesim/include/turtlesim/turtlesim/srv/detail/teleport_relative__type_support.c
[31.128s] -- Installing: /home/brunoconti/workspace/install/turtlesim/include/turtlesim/turtlesim/srv/detail/teleport_absolute__type_support.c
[31.128s] -- Installing: /home/brunoconti/workspace/install/turtlesim/include/turtlesim/turtlesim/srv/detail/spawn__rosidl_typesupport_introspection_c.h
[31.128s] -- Installing: /home/brunoconti/workspace/install/turtlesim/include/turtlesim/turtlesim/srv/detail/spawn__type_support.c
[31.128s] -- Installing: /home/brunoconti/workspace/install/turtlesim/include/turtlesim/turtlesim/srv/detail/kill__rosidl_typesupport_introspection_c.h
[31.128s] -- Installing: /home/brunoconti/workspace/install/turtlesim/include/turtlesim/turtlesim/srv/detail/set_pen__type_support.c
[31.128s] -- Installing: /home/brunoconti/workspace/install/turtlesim/include/turtlesim/turtlesim/srv/detail/teleport_relative__rosidl_typesupport_introspection_c.h
[31.128s] -- Up-to-date: /home/brunoconti/workspace/install/turtlesim/include/turtlesim/turtlesim/msg
[31.128s] -- Installing: /home/brunoconti/workspace/install/turtlesim/include/turtlesim/turtlesim/msg/rosidl_typesupport_introspection_c__visibility_control.h
[31.128s] -- Up-to-date: /home/brunoconti/workspace/install/turtlesim/include/turtlesim/turtlesim/msg/detail
[31.128s] -- Installing: /home/brunoconti/workspace/install/turtlesim/include/turtlesim/turtlesim/msg/detail/pose__rosidl_typesupport_introspection_c.h
[31.128s] -- Installing: /home/brunoconti/workspace/install/turtlesim/include/turtlesim/turtlesim/msg/detail/color__rosidl_typesupport_introspection_c.h
[31.128s] -- Installing: /home/brunoconti/workspace/install/turtlesim/include/turtlesim/turtlesim/msg/detail/color__type_support.c
[31.129s] -- Installing: /home/brunoconti/workspace/install/turtlesim/include/turtlesim/turtlesim/msg/detail/pose__type_support.c
[31.129s] -- Installing: /home/brunoconti/workspace/install/turtlesim/lib/libturtlesim__rosidl_typesupport_introspection_c.so
[31.129s] -- Set runtime path of "/home/brunoconti/workspace/install/turtlesim/lib/libturtlesim__rosidl_typesupport_introspection_c.so" to ""
[31.129s] -- Installing: /home/brunoconti/workspace/install/turtlesim/lib/libturtlesim__rosidl_typesupport_c.so
[31.129s] -- Set runtime path of "/home/brunoconti/workspace/install/turtlesim/lib/libturtlesim__rosidl_typesupport_c.so" to ""
[31.129s] -- Up-to-date: /home/brunoconti/workspace/install/turtlesim/include/turtlesim/turtlesim
[31.129s] -- Up-to-date: /home/brunoconti/workspace/install/turtlesim/include/turtlesim/turtlesim/action
[31.129s] -- Up-to-date: /home/brunoconti/workspace/install/turtlesim/include/turtlesim/turtlesim/action/detail
[31.129s] -- Installing: /home/brunoconti/workspace/install/turtlesim/include/turtlesim/turtlesim/action/detail/rotate_absolute__rosidl_typesupport_introspection_cpp.hpp
[31.129s] -- Installing: /home/brunoconti/workspace/install/turtlesim/include/turtlesim/turtlesim/action/detail/rotate_absolute__type_support.cpp
[31.130s] -- Up-to-date: /home/brunoconti/workspace/install/turtlesim/include/turtlesim/turtlesim/srv
[31.130s] -- Up-to-date: /home/brunoconti/workspace/install/turtlesim/include/turtlesim/turtlesim/srv/detail
[31.130s] -- Installing: /home/brunoconti/workspace/install/turtlesim/include/turtlesim/turtlesim/srv/detail/teleport_absolute__rosidl_typesupport_introspection_cpp.hpp
[31.130s] -- Installing: /home/brunoconti/workspace/install/turtlesim/include/turtlesim/turtlesim/srv/detail/teleport_absolute__type_support.cpp
[31.130s] -- Installing: /home/brunoconti/workspace/install/turtlesim/include/turtlesim/turtlesim/srv/detail/set_pen__rosidl_typesupport_introspection_cpp.hpp
[31.130s] -- Installing: /home/brunoconti/workspace/install/turtlesim/include/turtlesim/turtlesim/srv/detail/spawn__rosidl_typesupport_introspection_cpp.hpp
[31.130s] -- Installing: /home/brunoconti/workspace/install/turtlesim/include/turtlesim/turtlesim/srv/detail/teleport_relative__type_support.cpp
[31.130s] -- Installing: /home/brunoconti/workspace/install/turtlesim/include/turtlesim/turtlesim/srv/detail/kill__type_support.cpp
[31.130s] -- Installing: /home/brunoconti/workspace/install/turtlesim/include/turtlesim/turtlesim/srv/detail/teleport_relative__rosidl_typesupport_introspection_cpp.hpp
[31.130s] -- Installing: /home/brunoconti/workspace/install/turtlesim/include/turtlesim/turtlesim/srv/detail/kill__rosidl_typesupport_introspection_cpp.hpp
[31.130s] -- Installing: /home/brunoconti/workspace/install/turtlesim/include/turtlesim/turtlesim/srv/detail/set_pen__type_support.cpp
[31.130s] -- Installing: /home/brunoconti/workspace/install/turtlesim/include/turtlesim/turtlesim/srv/detail/spawn__type_support.cpp
[31.130s] -- Up-to-date: /home/brunoconti/workspace/install/turtlesim/include/turtlesim/turtlesim/msg
[31.130s] -- Up-to-date: /home/brunoconti/workspace/install/turtlesim/include/turtlesim/turtlesim/msg/detail
[31.130s] -- Installing: /home/brunoconti/workspace/install/turtlesim/include/turtlesim/turtlesim/msg/detail/color__type_support.cpp
[31.130s] -- Installing: /home/brunoconti/workspace/install/turtlesim/include/turtlesim/turtlesim/msg/detail/color__rosidl_typesupport_introspection_cpp.hpp
[31.130s] -- Installing: /home/brunoconti/workspace/install/turtlesim/include/turtlesim/turtlesim/msg/detail/pose__rosidl_typesupport_introspection_cpp.hpp
[31.130s] -- Installing: /home/brunoconti/workspace/install/turtlesim/include/turtlesim/turtlesim/msg/detail/pose__type_support.cpp
[31.130s] -- Installing: /home/brunoconti/workspace/install/turtlesim/lib/libturtlesim__rosidl_typesupport_introspection_cpp.so
[31.131s] -- Set runtime path of "/home/brunoconti/workspace/install/turtlesim/lib/libturtlesim__rosidl_typesupport_introspection_cpp.so" to ""
[31.131s] -- Installing: /home/brunoconti/workspace/install/turtlesim/lib/libturtlesim__rosidl_typesupport_cpp.so
[31.131s] -- Set runtime path of "/home/brunoconti/workspace/install/turtlesim/lib/libturtlesim__rosidl_typesupport_cpp.so" to ""
[31.131s] -- Installing: /home/brunoconti/workspace/install/turtlesim/share/turtlesim/environment/pythonpath.sh
[31.131s] -- Installing: /home/brunoconti/workspace/install/turtlesim/share/turtlesim/environment/pythonpath.dsv
[31.131s] -- Installing: /home/brunoconti/workspace/install/turtlesim/local/lib/python3.10/dist-packages/turtlesim-1.4.2-py3.10.egg-info
[31.131s] -- Installing: /home/brunoconti/workspace/install/turtlesim/local/lib/python3.10/dist-packages/turtlesim-1.4.2-py3.10.egg-info/PKG-INFO
[31.132s] -- Installing: /home/brunoconti/workspace/install/turtlesim/local/lib/python3.10/dist-packages/turtlesim-1.4.2-py3.10.egg-info/top_level.txt
[31.132s] -- Installing: /home/brunoconti/workspace/install/turtlesim/local/lib/python3.10/dist-packages/turtlesim-1.4.2-py3.10.egg-info/dependency_links.txt
[31.132s] -- Installing: /home/brunoconti/workspace/install/turtlesim/local/lib/python3.10/dist-packages/turtlesim-1.4.2-py3.10.egg-info/SOURCES.txt
[31.132s] -- Installing: /home/brunoconti/workspace/install/turtlesim/local/lib/python3.10/dist-packages/turtlesim
[31.132s] -- Installing: /home/brunoconti/workspace/install/turtlesim/local/lib/python3.10/dist-packages/turtlesim/__init__.py
[31.132s] -- Installing: /home/brunoconti/workspace/install/turtlesim/local/lib/python3.10/dist-packages/turtlesim/turtlesim_s__rosidl_typesupport_introspection_c.cpython-310-x86_64-linux-gnu.so
[31.132s] -- Installing: /home/brunoconti/workspace/install/turtlesim/local/lib/python3.10/dist-packages/turtlesim/action
[31.132s] -- Installing: /home/brunoconti/workspace/install/turtlesim/local/lib/python3.10/dist-packages/turtlesim/action/__init__.py
[31.132s] -- Installing: /home/brunoconti/workspace/install/turtlesim/local/lib/python3.10/dist-packages/turtlesim/action/_rotate_absolute_s.c
[31.132s] -- Installing: /home/brunoconti/workspace/install/turtlesim/local/lib/python3.10/dist-packages/turtlesim/action/_rotate_absolute.py
[31.132s] -- Installing: /home/brunoconti/workspace/install/turtlesim/local/lib/python3.10/dist-packages/turtlesim/turtlesim_s__rosidl_typesupport_c.cpython-310-x86_64-linux-gnu.so
[31.132s] -- Installing: /home/brunoconti/workspace/install/turtlesim/local/lib/python3.10/dist-packages/turtlesim/_turtlesim_s.ep.rosidl_typesupport_fastrtps_c.c
[31.132s] -- Installing: /home/brunoconti/workspace/install/turtlesim/local/lib/python3.10/dist-packages/turtlesim/libturtlesim__rosidl_generator_py.so
[31.132s] -- Installing: /home/brunoconti/workspace/install/turtlesim/local/lib/python3.10/dist-packages/turtlesim/srv
[31.133s] -- Installing: /home/brunoconti/workspace/install/turtlesim/local/lib/python3.10/dist-packages/turtlesim/srv/_teleport_absolute.py
[31.133s] -- Installing: /home/brunoconti/workspace/install/turtlesim/local/lib/python3.10/dist-packages/turtlesim/srv/__init__.py
[31.133s] -- Installing: /home/brunoconti/workspace/install/turtlesim/local/lib/python3.10/dist-packages/turtlesim/srv/_teleport_relative_s.c
[31.133s] -- Installing: /home/brunoconti/workspace/install/turtlesim/local/lib/python3.10/dist-packages/turtlesim/srv/_teleport_relative.py
[31.133s] -- Installing: /home/brunoconti/workspace/install/turtlesim/local/lib/python3.10/dist-packages/turtlesim/srv/_set_pen_s.c
[31.133s] -- Installing: /home/brunoconti/workspace/install/turtlesim/local/lib/python3.10/dist-packages/turtlesim/srv/_kill_s.c
[31.133s] -- Installing: /home/brunoconti/workspace/install/turtlesim/local/lib/python3.10/dist-packages/turtlesim/srv/_teleport_absolute_s.c
[31.133s] -- Installing: /home/brunoconti/workspace/install/turtlesim/local/lib/python3.10/dist-packages/turtlesim/srv/_spawn_s.c
[31.133s] -- Installing: /home/brunoconti/workspace/install/turtlesim/local/lib/python3.10/dist-packages/turtlesim/srv/_kill.py
[31.133s] -- Installing: /home/brunoconti/workspace/install/turtlesim/local/lib/python3.10/dist-packages/turtlesim/srv/_spawn.py
[31.133s] -- Installing: /home/brunoconti/workspace/install/turtlesim/local/lib/python3.10/dist-packages/turtlesim/srv/_set_pen.py
[31.133s] -- Installing: /home/brunoconti/workspace/install/turtlesim/local/lib/python3.10/dist-packages/turtlesim/turtlesim_s__rosidl_typesupport_fastrtps_c.cpython-310-x86_64-linux-gnu.so
[31.133s] -- Installing: /home/brunoconti/workspace/install/turtlesim/local/lib/python3.10/dist-packages/turtlesim/_turtlesim_s.ep.rosidl_typesupport_introspection_c.c
[31.133s] -- Installing: /home/brunoconti/workspace/install/turtlesim/local/lib/python3.10/dist-packages/turtlesim/msg
[31.133s] -- Installing: /home/brunoconti/workspace/install/turtlesim/local/lib/python3.10/dist-packages/turtlesim/msg/__init__.py
[31.133s] -- Installing: /home/brunoconti/workspace/install/turtlesim/local/lib/python3.10/dist-packages/turtlesim/msg/_color_s.c
[31.134s] -- Installing: /home/brunoconti/workspace/install/turtlesim/local/lib/python3.10/dist-packages/turtlesim/msg/_pose_s.c
[31.134s] -- Installing: /home/brunoconti/workspace/install/turtlesim/local/lib/python3.10/dist-packages/turtlesim/msg/_color.py
[31.134s] -- Installing: /home/brunoconti/workspace/install/turtlesim/local/lib/python3.10/dist-packages/turtlesim/msg/_pose.py
[31.134s] -- Installing: /home/brunoconti/workspace/install/turtlesim/local/lib/python3.10/dist-packages/turtlesim/_turtlesim_s.ep.rosidl_typesupport_c.c
[31.168s] Listing '/home/brunoconti/workspace/install/turtlesim/local/lib/python3.10/dist-packages/turtlesim'...
[31.169s] Compiling '/home/brunoconti/workspace/install/turtlesim/local/lib/python3.10/dist-packages/turtlesim/__init__.py'...
[31.169s] Listing '/home/brunoconti/workspace/install/turtlesim/local/lib/python3.10/dist-packages/turtlesim/action'...
[31.169s] Compiling '/home/brunoconti/workspace/install/turtlesim/local/lib/python3.10/dist-packages/turtlesim/action/__init__.py'...
[31.169s] Compiling '/home/brunoconti/workspace/install/turtlesim/local/lib/python3.10/dist-packages/turtlesim/action/_rotate_absolute.py'...
[31.169s] Listing '/home/brunoconti/workspace/install/turtlesim/local/lib/python3.10/dist-packages/turtlesim/msg'...
[31.169s] Compiling '/home/brunoconti/workspace/install/turtlesim/local/lib/python3.10/dist-packages/turtlesim/msg/__init__.py'...
[31.169s] Compiling '/home/brunoconti/workspace/install/turtlesim/local/lib/python3.10/dist-packages/turtlesim/msg/_color.py'...
[31.169s] Compiling '/home/brunoconti/workspace/install/turtlesim/local/lib/python3.10/dist-packages/turtlesim/msg/_pose.py'...
[31.169s] Listing '/home/brunoconti/workspace/install/turtlesim/local/lib/python3.10/dist-packages/turtlesim/srv'...
[31.169s] Compiling '/home/brunoconti/workspace/install/turtlesim/local/lib/python3.10/dist-packages/turtlesim/srv/__init__.py'...
[31.169s] Compiling '/home/brunoconti/workspace/install/turtlesim/local/lib/python3.10/dist-packages/turtlesim/srv/_kill.py'...
[31.170s] Compiling '/home/brunoconti/workspace/install/turtlesim/local/lib/python3.10/dist-packages/turtlesim/srv/_set_pen.py'...
[31.170s] Compiling '/home/brunoconti/workspace/install/turtlesim/local/lib/python3.10/dist-packages/turtlesim/srv/_spawn.py'...
[31.170s] Compiling '/home/brunoconti/workspace/install/turtlesim/local/lib/python3.10/dist-packages/turtlesim/srv/_teleport_absolute.py'...
[31.170s] Compiling '/home/brunoconti/workspace/install/turtlesim/local/lib/python3.10/dist-packages/turtlesim/srv/_teleport_relative.py'...
[31.173s] -- Installing: /home/brunoconti/workspace/install/turtlesim/local/lib/python3.10/dist-packages/turtlesim/turtlesim_s__rosidl_typesupport_fastrtps_c.cpython-310-x86_64-linux-gnu.so
[31.173s] -- Set runtime path of "/home/brunoconti/workspace/install/turtlesim/local/lib/python3.10/dist-packages/turtlesim/turtlesim_s__rosidl_typesupport_fastrtps_c.cpython-310-x86_64-linux-gnu.so" to ""
[31.173s] -- Installing: /home/brunoconti/workspace/install/turtlesim/local/lib/python3.10/dist-packages/turtlesim/turtlesim_s__rosidl_typesupport_introspection_c.cpython-310-x86_64-linux-gnu.so
[31.174s] -- Set runtime path of "/home/brunoconti/workspace/install/turtlesim/local/lib/python3.10/dist-packages/turtlesim/turtlesim_s__rosidl_typesupport_introspection_c.cpython-310-x86_64-linux-gnu.so" to ""
[31.174s] -- Installing: /home/brunoconti/workspace/install/turtlesim/local/lib/python3.10/dist-packages/turtlesim/turtlesim_s__rosidl_typesupport_c.cpython-310-x86_64-linux-gnu.so
[31.174s] -- Set runtime path of "/home/brunoconti/workspace/install/turtlesim/local/lib/python3.10/dist-packages/turtlesim/turtlesim_s__rosidl_typesupport_c.cpython-310-x86_64-linux-gnu.so" to ""
[31.174s] -- Installing: /home/brunoconti/workspace/install/turtlesim/lib/libturtlesim__rosidl_generator_py.so
[31.174s] -- Set runtime path of "/home/brunoconti/workspace/install/turtlesim/lib/libturtlesim__rosidl_generator_py.so" to ""
[31.174s] -- Installing: /home/brunoconti/workspace/install/turtlesim/share/turtlesim/action/RotateAbsolute.idl
[31.174s] -- Installing: /home/brunoconti/workspace/install/turtlesim/share/turtlesim/msg/Color.idl
[31.175s] -- Installing: /home/brunoconti/workspace/install/turtlesim/share/turtlesim/msg/Pose.idl
[31.175s] -- Installing: /home/brunoconti/workspace/install/turtlesim/share/turtlesim/srv/Kill.idl
[31.175s] -- Installing: /home/brunoconti/workspace/install/turtlesim/share/turtlesim/srv/SetPen.idl
[31.175s] -- Installing: /home/brunoconti/workspace/install/turtlesim/share/turtlesim/srv/Spawn.idl
[31.175s] -- Installing: /home/brunoconti/workspace/install/turtlesim/share/turtlesim/srv/TeleportAbsolute.idl
[31.175s] -- Installing: /home/brunoconti/workspace/install/turtlesim/share/turtlesim/srv/TeleportRelative.idl
[31.175s] -- Installing: /home/brunoconti/workspace/install/turtlesim/share/turtlesim/action/RotateAbsolute.action
[31.175s] -- Installing: /home/brunoconti/workspace/install/turtlesim/share/turtlesim/msg/Color.msg
[31.175s] -- Installing: /home/brunoconti/workspace/install/turtlesim/share/turtlesim/msg/Pose.msg
[31.175s] -- Installing: /home/brunoconti/workspace/install/turtlesim/share/turtlesim/srv/Kill.srv
[31.175s] -- Installing: /home/brunoconti/workspace/install/turtlesim/share/turtlesim/srv/Kill_Request.msg
[31.175s] -- Installing: /home/brunoconti/workspace/install/turtlesim/share/turtlesim/srv/Kill_Response.msg
[31.175s] -- Installing: /home/brunoconti/workspace/install/turtlesim/share/turtlesim/srv/SetPen.srv
[31.176s] -- Installing: /home/brunoconti/workspace/install/turtlesim/share/turtlesim/srv/SetPen_Request.msg
[31.176s] -- Installing: /home/brunoconti/workspace/install/turtlesim/share/turtlesim/srv/SetPen_Response.msg
[31.176s] -- Installing: /home/brunoconti/workspace/install/turtlesim/share/turtlesim/srv/Spawn.srv
[31.176s] -- Installing: /home/brunoconti/workspace/install/turtlesim/share/turtlesim/srv/Spawn_Request.msg
[31.176s] -- Installing: /home/brunoconti/workspace/install/turtlesim/share/turtlesim/srv/Spawn_Response.msg
[31.176s] -- Installing: /home/brunoconti/workspace/install/turtlesim/share/turtlesim/srv/TeleportAbsolute.srv
[31.176s] -- Installing: /home/brunoconti/workspace/install/turtlesim/share/turtlesim/srv/TeleportAbsolute_Request.msg
[31.176s] -- Installing: /home/brunoconti/workspace/install/turtlesim/share/turtlesim/srv/TeleportAbsolute_Response.msg
[31.176s] -- Installing: /home/brunoconti/workspace/install/turtlesim/share/turtlesim/srv/TeleportRelative.srv
[31.176s] -- Installing: /home/brunoconti/workspace/install/turtlesim/share/turtlesim/srv/TeleportRelative_Request.msg
[31.176s] -- Installing: /home/brunoconti/workspace/install/turtlesim/share/turtlesim/srv/TeleportRelative_Response.msg
[31.176s] -- Installing: /home/brunoconti/workspace/install/turtlesim/lib/turtlesim/turtlesim_node
[31.181s] -- Set runtime path of "/home/brunoconti/workspace/install/turtlesim/lib/turtlesim/turtlesim_node" to ""
[31.181s] -- Installing: /home/brunoconti/workspace/install/turtlesim/lib/turtlesim/turtle_teleop_key
[31.182s] -- Set runtime path of "/home/brunoconti/workspace/install/turtlesim/lib/turtlesim/turtle_teleop_key" to ""
[31.182s] -- Installing: /home/brunoconti/workspace/install/turtlesim/lib/turtlesim/draw_square
[31.185s] -- Set runtime path of "/home/brunoconti/workspace/install/turtlesim/lib/turtlesim/draw_square" to ""
[31.185s] -- Installing: /home/brunoconti/workspace/install/turtlesim/lib/turtlesim/mimic
[31.187s] -- Set runtime path of "/home/brunoconti/workspace/install/turtlesim/lib/turtlesim/mimic" to ""
[31.187s] -- Installing: /home/brunoconti/workspace/install/turtlesim/share/turtlesim/images
[31.187s] -- Installing: /home/brunoconti/workspace/install/turtlesim/share/turtlesim/images/humble.png
[31.187s] -- Installing: /home/brunoconti/workspace/install/turtlesim/share/turtlesim/images/galactic.png
[31.187s] -- Installing: /home/brunoconti/workspace/install/turtlesim/share/turtlesim/images/foxy.png
[31.187s] -- Installing: /home/brunoconti/workspace/install/turtlesim/share/turtlesim/images/eloquent.png
[31.187s] -- Installing: /home/brunoconti/workspace/install/turtlesim/share/turtlesim/images/ardent.png
[31.187s] -- Installing: /home/brunoconti/workspace/install/turtlesim/share/turtlesim/images/dashing.png
[31.187s] -- Installing: /home/brunoconti/workspace/install/turtlesim/share/turtlesim/images/rolling.png
[31.187s] -- Installing: /home/brunoconti/workspace/install/turtlesim/share/turtlesim/images/bouncy.png
[31.187s] -- Installing: /home/brunoconti/workspace/install/turtlesim/share/turtlesim/images/crystal.png
[31.187s] -- Installing: /home/brunoconti/workspace/install/turtlesim/share/turtlesim/launch
[31.187s] -- Installing: /home/brunoconti/workspace/install/turtlesim/share/turtlesim/launch/multisim.launch.py
[31.188s] -- Installing: /home/brunoconti/workspace/install/turtlesim/share/ament_index/resource_index/package_run_dependencies/turtlesim
[31.188s] -- Installing: /home/brunoconti/workspace/install/turtlesim/share/ament_index/resource_index/parent_prefix_path/turtlesim
[31.188s] -- Installing: /home/brunoconti/workspace/install/turtlesim/share/turtlesim/environment/ament_prefix_path.sh
[31.188s] -- Installing: /home/brunoconti/workspace/install/turtlesim/share/turtlesim/environment/ament_prefix_path.dsv
[31.188s] -- Installing: /home/brunoconti/workspace/install/turtlesim/share/turtlesim/environment/path.sh
[31.188s] -- Installing: /home/brunoconti/workspace/install/turtlesim/share/turtlesim/environment/path.dsv
[31.188s] -- Installing: /home/brunoconti/workspace/install/turtlesim/share/turtlesim/local_setup.bash
[31.188s] -- Installing: /home/brunoconti/workspace/install/turtlesim/share/turtlesim/local_setup.sh
[31.188s] -- Installing: /home/brunoconti/workspace/install/turtlesim/share/turtlesim/local_setup.zsh
[31.188s] -- Installing: /home/brunoconti/workspace/install/turtlesim/share/turtlesim/local_setup.dsv
[31.188s] -- Installing: /home/brunoconti/workspace/install/turtlesim/share/turtlesim/package.dsv
[31.188s] -- Installing: /home/brunoconti/workspace/install/turtlesim/share/ament_index/resource_index/packages/turtlesim
[31.188s] -- Installing: /home/brunoconti/workspace/install/turtlesim/share/turtlesim/cmake/export_turtlesim__rosidl_generator_cExport.cmake
[31.189s] -- Installing: /home/brunoconti/workspace/install/turtlesim/share/turtlesim/cmake/export_turtlesim__rosidl_generator_cExport-noconfig.cmake
[31.189s] -- Installing: /home/brunoconti/workspace/install/turtlesim/share/turtlesim/cmake/export_turtlesim__rosidl_typesupport_fastrtps_cExport.cmake
[31.189s] -- Installing: /home/brunoconti/workspace/install/turtlesim/share/turtlesim/cmake/export_turtlesim__rosidl_typesupport_fastrtps_cExport-noconfig.cmake
[31.189s] -- Installing: /home/brunoconti/workspace/install/turtlesim/share/turtlesim/cmake/export_turtlesim__rosidl_generator_cppExport.cmake
[31.189s] -- Installing: /home/brunoconti/workspace/install/turtlesim/share/turtlesim/cmake/export_turtlesim__rosidl_typesupport_fastrtps_cppExport.cmake
[31.189s] -- Installing: /home/brunoconti/workspace/install/turtlesim/share/turtlesim/cmake/export_turtlesim__rosidl_typesupport_fastrtps_cppExport-noconfig.cmake
[31.189s] -- Installing: /home/brunoconti/workspace/install/turtlesim/share/turtlesim/cmake/turtlesim__rosidl_typesupport_introspection_cExport.cmake
[31.189s] -- Installing: /home/brunoconti/workspace/install/turtlesim/share/turtlesim/cmake/turtlesim__rosidl_typesupport_introspection_cExport-noconfig.cmake
[31.189s] -- Installing: /home/brunoconti/workspace/install/turtlesim/share/turtlesim/cmake/turtlesim__rosidl_typesupport_cExport.cmake
[31.189s] -- Installing: /home/brunoconti/workspace/install/turtlesim/share/turtlesim/cmake/turtlesim__rosidl_typesupport_cExport-noconfig.cmake
[31.190s] -- Installing: /home/brunoconti/workspace/install/turtlesim/share/turtlesim/cmake/turtlesim__rosidl_typesupport_introspection_cppExport.cmake
[31.190s] -- Installing: /home/brunoconti/workspace/install/turtlesim/share/turtlesim/cmake/turtlesim__rosidl_typesupport_introspection_cppExport-noconfig.cmake
[31.190s] -- Installing: /home/brunoconti/workspace/install/turtlesim/share/turtlesim/cmake/turtlesim__rosidl_typesupport_cppExport.cmake
[31.190s] -- Installing: /home/brunoconti/workspace/install/turtlesim/share/turtlesim/cmake/turtlesim__rosidl_typesupport_cppExport-noconfig.cmake
[31.190s] -- Installing: /home/brunoconti/workspace/install/turtlesim/share/turtlesim/cmake/export_turtlesim__rosidl_generator_pyExport.cmake
[31.190s] -- Installing: /home/brunoconti/workspace/install/turtlesim/share/turtlesim/cmake/export_turtlesim__rosidl_generator_pyExport-noconfig.cmake
[31.190s] -- Installing: /home/brunoconti/workspace/install/turtlesim/share/turtlesim/cmake/rosidl_cmake-extras.cmake
[31.190s] -- Installing: /home/brunoconti/workspace/install/turtlesim/share/turtlesim/cmake/ament_cmake_export_dependencies-extras.cmake
[31.190s] -- Installing: /home/brunoconti/workspace/install/turtlesim/share/turtlesim/cmake/ament_cmake_export_include_directories-extras.cmake
[31.190s] -- Installing: /home/brunoconti/workspace/install/turtlesim/share/turtlesim/cmake/ament_cmake_export_libraries-extras.cmake
[31.190s] -- Installing: /home/brunoconti/workspace/install/turtlesim/share/turtlesim/cmake/ament_cmake_export_targets-extras.cmake
[31.191s] -- Installing: /home/brunoconti/workspace/install/turtlesim/share/turtlesim/cmake/rosidl_cmake_export_typesupport_targets-extras.cmake
[31.191s] -- Installing: /home/brunoconti/workspace/install/turtlesim/share/turtlesim/cmake/rosidl_cmake_export_typesupport_libraries-extras.cmake
[31.191s] -- Installing: /home/brunoconti/workspace/install/turtlesim/share/turtlesim/cmake/turtlesimConfig.cmake
[31.191s] -- Installing: /home/brunoconti/workspace/install/turtlesim/share/turtlesim/cmake/turtlesimConfig-version.cmake
[31.191s] -- Installing: /home/brunoconti/workspace/install/turtlesim/share/turtlesim/package.xml
[31.193s] Invoked command in '/home/brunoconti/workspace/build/turtlesim' returned '0': CMAKE_PREFIX_PATH=/home/brunoconti/meu_workspace/src/ola_mundo/install/ola_mundo:/opt/ros/humble /usr/bin/cmake --install /home/brunoconti/workspace/build/turtlesim
