[0.665s] Invoking command in '/home/brunoconti/workspace/src/ola_mundo': PYTHONPATH=/home/brunoconti/workspace/build/ola_mundo/prefix_override:/home/brunoconti/workspace/install/ola_mundo/lib/python3.10/site-packages:${PYTHONPATH} /usr/bin/python3 -W ignore:setup.py install is deprecated setup.py egg_info --egg-base ../../build/ola_mundo build --build-base /home/brunoconti/workspace/build/ola_mundo/build install --record /home/brunoconti/workspace/build/ola_mundo/install.log --single-version-externally-managed install_data
[0.843s] running egg_info
[0.843s] creating ../../build/ola_mundo/ola_mundo.egg-info
[0.844s] writing ../../build/ola_mundo/ola_mundo.egg-info/PKG-INFO
[0.844s] writing dependency_links to ../../build/ola_mundo/ola_mundo.egg-info/dependency_links.txt
[0.844s] writing entry points to ../../build/ola_mundo/ola_mundo.egg-info/entry_points.txt
[0.844s] writing requirements to ../../build/ola_mundo/ola_mundo.egg-info/requires.txt
[0.844s] writing top-level names to ../../build/ola_mundo/ola_mundo.egg-info/top_level.txt
[0.845s] writing manifest file '../../build/ola_mundo/ola_mundo.egg-info/SOURCES.txt'
[0.845s] reading manifest file '../../build/ola_mundo/ola_mundo.egg-info/SOURCES.txt'
[0.846s] writing manifest file '../../build/ola_mundo/ola_mundo.egg-info/SOURCES.txt'
[0.846s] running build
[0.846s] running build_py
[0.846s] creating /home/brunoconti/workspace/build/ola_mundo/build
[0.846s] creating /home/brunoconti/workspace/build/ola_mundo/build/lib
[0.847s] creating /home/brunoconti/workspace/build/ola_mundo/build/lib/ola_mundo
[0.847s] copying ola_mundo/__init__.py -> /home/brunoconti/workspace/build/ola_mundo/build/lib/ola_mundo
[0.847s] copying ola_mundo/teste.py -> /home/brunoconti/workspace/build/ola_mundo/build/lib/ola_mundo
[0.847s] running install
[0.847s] running install_lib
[0.848s] creating /home/brunoconti/workspace/install/ola_mundo/lib/python3.10/site-packages/ola_mundo
[0.848s] copying /home/brunoconti/workspace/build/ola_mundo/build/lib/ola_mundo/__init__.py -> /home/brunoconti/workspace/install/ola_mundo/lib/python3.10/site-packages/ola_mundo
[0.848s] copying /home/brunoconti/workspace/build/ola_mundo/build/lib/ola_mundo/teste.py -> /home/brunoconti/workspace/install/ola_mundo/lib/python3.10/site-packages/ola_mundo
[0.848s] byte-compiling /home/brunoconti/workspace/install/ola_mundo/lib/python3.10/site-packages/ola_mundo/__init__.py to __init__.cpython-310.pyc
[0.848s] byte-compiling /home/brunoconti/workspace/install/ola_mundo/lib/python3.10/site-packages/ola_mundo/teste.py to teste.cpython-310.pyc
[0.849s] running install_data
[0.849s] creating /home/brunoconti/workspace/install/ola_mundo/share/ament_index
[0.849s] creating /home/brunoconti/workspace/install/ola_mundo/share/ament_index/resource_index
[0.849s] creating /home/brunoconti/workspace/install/ola_mundo/share/ament_index/resource_index/packages
[0.849s] copying resource/ola_mundo -> /home/brunoconti/workspace/install/ola_mundo/share/ament_index/resource_index/packages
[0.849s] copying package.xml -> /home/brunoconti/workspace/install/ola_mundo/share/ola_mundo
[0.849s] running install_egg_info
[0.850s] Copying ../../build/ola_mundo/ola_mundo.egg-info to /home/brunoconti/workspace/install/ola_mundo/lib/python3.10/site-packages/ola_mundo-0.0.0-py3.10.egg-info
[0.851s] running install_scripts
[0.868s] Installing fausto_silva script to /home/brunoconti/workspace/install/ola_mundo/lib/ola_mundo
[0.869s] writing list of installed files to '/home/brunoconti/workspace/build/ola_mundo/install.log'
[0.889s] Invoked command in '/home/brunoconti/workspace/src/ola_mundo' returned '0': PYTHONPATH=/home/brunoconti/workspace/build/ola_mundo/prefix_override:/home/brunoconti/workspace/install/ola_mundo/lib/python3.10/site-packages:${PYTHONPATH} /usr/bin/python3 -W ignore:setup.py install is deprecated setup.py egg_info --egg-base ../../build/ola_mundo build --build-base /home/brunoconti/workspace/build/ola_mundo/build install --record /home/brunoconti/workspace/build/ola_mundo/install.log --single-version-externally-managed install_data
