[0.020s] Invoking command in '/home/brunoconti/workspace/build/turtlesim': CMAKE_PREFIX_PATH=/home/brunoconti/meu_workspace/src/ola_mundo/install/ola_mundo:/opt/ros/humble /usr/bin/cmake --build /home/brunoconti/workspace/build/turtlesim -- -j8 -l8
[0.054s] [35m[1mConsolidate compiler generated dependencies of target turtlesim__rosidl_generator_c[0m
[0.060s] [  1%] Built target turtlesim__cpp
[0.065s] [ 11%] Built target turtlesim__rosidl_generator_c
[0.069s] [ 11%] Built target ament_cmake_python_copy_turtlesim
[0.071s] [35m[1mConsolidate compiler generated dependencies of target turtlesim__rosidl_typesupport_introspection_cpp[0m
[0.071s] [35m[1mConsolidate compiler generated dependencies of target turtlesim__rosidl_typesupport_fastrtps_cpp[0m
[0.071s] [35m[1mConsolidate compiler generated dependencies of target turtlesim__rosidl_typesupport_cpp[0m
[0.079s] [35m[1mConsolidate compiler generated dependencies of target turtlesim__rosidl_typesupport_c[0m
[0.080s] [35m[1mConsolidate compiler generated dependencies of target turtlesim__rosidl_typesupport_introspection_c[0m
[0.087s] [35m[1mConsolidate compiler generated dependencies of target turtlesim__rosidl_typesupport_fastrtps_c[0m
[0.090s] [ 21%] Built target turtlesim__rosidl_typesupport_introspection_cpp
[0.091s] [ 31%] Built target turtlesim__rosidl_typesupport_cpp
[0.093s] [ 48%] Built target turtlesim__rosidl_typesupport_fastrtps_cpp
[0.094s] [ 58%] Built target turtlesim__rosidl_typesupport_introspection_c
[0.094s] [ 61%] Built target turtlesim__rosidl_typesupport_c
[0.102s] [35m[1mConsolidate compiler generated dependencies of target turtle_teleop_key[0m
[0.105s] [35m[1mConsolidate compiler generated dependencies of target turtlesim_node[0m
[0.105s] [35m[1mConsolidate compiler generated dependencies of target draw_square[0m
[0.106s] [35m[1mConsolidate compiler generated dependencies of target mimic[0m
[0.120s] [ 71%] Built target turtlesim__rosidl_typesupport_fastrtps_c
[0.122s] [ 73%] Built target draw_square
[0.124s] [ 75%] Built target mimic
[0.128s] [ 76%] [32mBuilding CXX object CMakeFiles/turtle_teleop_key.dir/tutorials/teleop_turtle_key.cpp.o[0m
[0.129s] [ 82%] Built target turtlesim_node
[0.136s] [ 82%] Built target turtlesim
[0.151s] [ 83%] Built target turtlesim__py
[0.160s] [35m[1mConsolidate compiler generated dependencies of target turtlesim__rosidl_generator_py[0m
[0.174s] [ 92%] Built target turtlesim__rosidl_generator_py
[0.183s] [35m[1mConsolidate compiler generated dependencies of target turtlesim__rosidl_typesupport_fastrtps_c__pyext[0m
[0.185s] [35m[1mConsolidate compiler generated dependencies of target turtlesim__rosidl_typesupport_c__pyext[0m
[0.185s] [35m[1mConsolidate compiler generated dependencies of target turtlesim__rosidl_typesupport_introspection_c__pyext[0m
[0.196s] [ 94%] Built target turtlesim__rosidl_typesupport_c__pyext
[0.197s] [ 96%] Built target turtlesim__rosidl_typesupport_fastrtps_c__pyext
[0.197s] [ 98%] Built target turtlesim__rosidl_typesupport_introspection_c__pyext
[0.273s] running egg_info
[0.273s] writing turtlesim.egg-info/PKG-INFO
[0.273s] writing dependency_links to turtlesim.egg-info/dependency_links.txt
[0.274s] writing top-level names to turtlesim.egg-info/top_level.txt
[0.275s] reading manifest file 'turtlesim.egg-info/SOURCES.txt'
[0.276s] writing manifest file 'turtlesim.egg-info/SOURCES.txt'
[0.294s] [ 98%] Built target ament_cmake_python_build_turtlesim_egg
[6.224s] [100%] [32m[1mLinking CXX executable turtle_teleop_key[0m
[6.397s] [100%] Built target turtle_teleop_key
[6.406s] Invoked command in '/home/brunoconti/workspace/build/turtlesim' returned '0': CMAKE_PREFIX_PATH=/home/brunoconti/meu_workspace/src/ola_mundo/install/ola_mundo:/opt/ros/humble /usr/bin/cmake --build /home/brunoconti/workspace/build/turtlesim -- -j8 -l8
[6.575s] Invoking command in '/home/brunoconti/workspace/build/turtlesim': CMAKE_PREFIX_PATH=/home/brunoconti/meu_workspace/src/ola_mundo/install/ola_mundo:/opt/ros/humble /usr/bin/cmake --install /home/brunoconti/workspace/build/turtlesim
[6.580s] -- Install configuration: ""
[6.580s] -- Up-to-date: /home/brunoconti/workspace/install/turtlesim/share/ament_index/resource_index/rosidl_interfaces/turtlesim
[6.580s] -- Up-to-date: /home/brunoconti/workspace/install/turtlesim/include/turtlesim/turtlesim
[6.580s] -- Up-to-date: /home/brunoconti/workspace/install/turtlesim/include/turtlesim/turtlesim/action
[6.580s] -- Up-to-date: /home/brunoconti/workspace/install/turtlesim/include/turtlesim/turtlesim/action/detail
[6.580s] -- Up-to-date: /home/brunoconti/workspace/install/turtlesim/include/turtlesim/turtlesim/action/detail/rotate_absolute__struct.h
[6.580s] -- Up-to-date: /home/brunoconti/workspace/install/turtlesim/include/turtlesim/turtlesim/action/detail/rotate_absolute__type_support.h
[6.581s] -- Up-to-date: /home/brunoconti/workspace/install/turtlesim/include/turtlesim/turtlesim/action/detail/rotate_absolute__functions.c
[6.581s] -- Up-to-date: /home/brunoconti/workspace/install/turtlesim/include/turtlesim/turtlesim/action/detail/rotate_absolute__functions.h
[6.581s] -- Up-to-date: /home/brunoconti/workspace/install/turtlesim/include/turtlesim/turtlesim/action/rotate_absolute.h
[6.581s] -- Up-to-date: /home/brunoconti/workspace/install/turtlesim/include/turtlesim/turtlesim/srv
[6.581s] -- Up-to-date: /home/brunoconti/workspace/install/turtlesim/include/turtlesim/turtlesim/srv/teleport_relative.h
[6.581s] -- Up-to-date: /home/brunoconti/workspace/install/turtlesim/include/turtlesim/turtlesim/srv/detail
[6.581s] -- Up-to-date: /home/brunoconti/workspace/install/turtlesim/include/turtlesim/turtlesim/srv/detail/teleport_relative__functions.h
[6.581s] -- Up-to-date: /home/brunoconti/workspace/install/turtlesim/include/turtlesim/turtlesim/srv/detail/spawn__struct.h
[6.581s] -- Up-to-date: /home/brunoconti/workspace/install/turtlesim/include/turtlesim/turtlesim/srv/detail/set_pen__struct.h
[6.581s] -- Up-to-date: /home/brunoconti/workspace/install/turtlesim/include/turtlesim/turtlesim/srv/detail/teleport_absolute__functions.h
[6.581s] -- Up-to-date: /home/brunoconti/workspace/install/turtlesim/include/turtlesim/turtlesim/srv/detail/teleport_absolute__type_support.h
[6.581s] -- Up-to-date: /home/brunoconti/workspace/install/turtlesim/include/turtlesim/turtlesim/srv/detail/teleport_absolute__functions.c
[6.581s] -- Up-to-date: /home/brunoconti/workspace/install/turtlesim/include/turtlesim/turtlesim/srv/detail/set_pen__functions.h
[6.581s] -- Up-to-date: /home/brunoconti/workspace/install/turtlesim/include/turtlesim/turtlesim/srv/detail/kill__struct.h
[6.581s] -- Up-to-date: /home/brunoconti/workspace/install/turtlesim/include/turtlesim/turtlesim/srv/detail/kill__functions.h
[6.581s] -- Up-to-date: /home/brunoconti/workspace/install/turtlesim/include/turtlesim/turtlesim/srv/detail/set_pen__type_support.h
[6.581s] -- Up-to-date: /home/brunoconti/workspace/install/turtlesim/include/turtlesim/turtlesim/srv/detail/teleport_relative__functions.c
[6.581s] -- Up-to-date: /home/brunoconti/workspace/install/turtlesim/include/turtlesim/turtlesim/srv/detail/kill__functions.c
[6.581s] -- Up-to-date: /home/brunoconti/workspace/install/turtlesim/include/turtlesim/turtlesim/srv/detail/kill__type_support.h
[6.582s] -- Up-to-date: /home/brunoconti/workspace/install/turtlesim/include/turtlesim/turtlesim/srv/detail/teleport_relative__type_support.h
[6.582s] -- Up-to-date: /home/brunoconti/workspace/install/turtlesim/include/turtlesim/turtlesim/srv/detail/spawn__functions.h
[6.582s] -- Up-to-date: /home/brunoconti/workspace/install/turtlesim/include/turtlesim/turtlesim/srv/detail/teleport_relative__struct.h
[6.582s] -- Up-to-date: /home/brunoconti/workspace/install/turtlesim/include/turtlesim/turtlesim/srv/detail/spawn__functions.c
[6.582s] -- Up-to-date: /home/brunoconti/workspace/install/turtlesim/include/turtlesim/turtlesim/srv/detail/set_pen__functions.c
[6.582s] -- Up-to-date: /home/brunoconti/workspace/install/turtlesim/include/turtlesim/turtlesim/srv/detail/teleport_absolute__struct.h
[6.582s] -- Up-to-date: /home/brunoconti/workspace/install/turtlesim/include/turtlesim/turtlesim/srv/detail/spawn__type_support.h
[6.582s] -- Up-to-date: /home/brunoconti/workspace/install/turtlesim/include/turtlesim/turtlesim/srv/teleport_absolute.h
[6.582s] -- Up-to-date: /home/brunoconti/workspace/install/turtlesim/include/turtlesim/turtlesim/srv/kill.h
[6.582s] -- Up-to-date: /home/brunoconti/workspace/install/turtlesim/include/turtlesim/turtlesim/srv/set_pen.h
[6.582s] -- Up-to-date: /home/brunoconti/workspace/install/turtlesim/include/turtlesim/turtlesim/srv/spawn.h
[6.582s] -- Up-to-date: /home/brunoconti/workspace/install/turtlesim/include/turtlesim/turtlesim/msg
[6.582s] -- Up-to-date: /home/brunoconti/workspace/install/turtlesim/include/turtlesim/turtlesim/msg/rosidl_generator_c__visibility_control.h
[6.582s] -- Up-to-date: /home/brunoconti/workspace/install/turtlesim/include/turtlesim/turtlesim/msg/detail
[6.582s] -- Up-to-date: /home/brunoconti/workspace/install/turtlesim/include/turtlesim/turtlesim/msg/detail/color__functions.c
[6.583s] -- Up-to-date: /home/brunoconti/workspace/install/turtlesim/include/turtlesim/turtlesim/msg/detail/pose__functions.c
[6.583s] -- Up-to-date: /home/brunoconti/workspace/install/turtlesim/include/turtlesim/turtlesim/msg/detail/pose__type_support.h
[6.583s] -- Up-to-date: /home/brunoconti/workspace/install/turtlesim/include/turtlesim/turtlesim/msg/detail/pose__struct.h
[6.583s] -- Up-to-date: /home/brunoconti/workspace/install/turtlesim/include/turtlesim/turtlesim/msg/detail/color__type_support.h
[6.583s] -- Up-to-date: /home/brunoconti/workspace/install/turtlesim/include/turtlesim/turtlesim/msg/detail/pose__functions.h
[6.583s] -- Up-to-date: /home/brunoconti/workspace/install/turtlesim/include/turtlesim/turtlesim/msg/detail/color__functions.h
[6.583s] -- Up-to-date: /home/brunoconti/workspace/install/turtlesim/include/turtlesim/turtlesim/msg/detail/color__struct.h
[6.583s] -- Up-to-date: /home/brunoconti/workspace/install/turtlesim/include/turtlesim/turtlesim/msg/color.h
[6.583s] -- Up-to-date: /home/brunoconti/workspace/install/turtlesim/include/turtlesim/turtlesim/msg/pose.h
[6.584s] -- Up-to-date: /home/brunoconti/workspace/install/turtlesim/share/turtlesim/environment/library_path.sh
[6.584s] -- Up-to-date: /home/brunoconti/workspace/install/turtlesim/share/turtlesim/environment/library_path.dsv
[6.584s] -- Up-to-date: /home/brunoconti/workspace/install/turtlesim/lib/libturtlesim__rosidl_generator_c.so
[6.584s] -- Up-to-date: /home/brunoconti/workspace/install/turtlesim/include/turtlesim/turtlesim
[6.584s] -- Up-to-date: /home/brunoconti/workspace/install/turtlesim/include/turtlesim/turtlesim/action
[6.585s] -- Up-to-date: /home/brunoconti/workspace/install/turtlesim/include/turtlesim/turtlesim/action/detail
[6.585s] -- Up-to-date: /home/brunoconti/workspace/install/turtlesim/include/turtlesim/turtlesim/action/detail/rotate_absolute__rosidl_typesupport_fastrtps_c.h
[6.585s] -- Up-to-date: /home/brunoconti/workspace/install/turtlesim/include/turtlesim/turtlesim/srv
[6.585s] -- Up-to-date: /home/brunoconti/workspace/install/turtlesim/include/turtlesim/turtlesim/srv/detail
[6.585s] -- Up-to-date: /home/brunoconti/workspace/install/turtlesim/include/turtlesim/turtlesim/srv/detail/spawn__rosidl_typesupport_fastrtps_c.h
[6.585s] -- Up-to-date: /home/brunoconti/workspace/install/turtlesim/include/turtlesim/turtlesim/srv/detail/teleport_absolute__rosidl_typesupport_fastrtps_c.h
[6.585s] -- Up-to-date: /home/brunoconti/workspace/install/turtlesim/include/turtlesim/turtlesim/srv/detail/teleport_relative__rosidl_typesupport_fastrtps_c.h
[6.585s] -- Up-to-date: /home/brunoconti/workspace/install/turtlesim/include/turtlesim/turtlesim/srv/detail/kill__rosidl_typesupport_fastrtps_c.h
[6.586s] -- Up-to-date: /home/brunoconti/workspace/install/turtlesim/include/turtlesim/turtlesim/srv/detail/set_pen__rosidl_typesupport_fastrtps_c.h
[6.586s] -- Up-to-date: /home/brunoconti/workspace/install/turtlesim/include/turtlesim/turtlesim/msg
[6.586s] -- Up-to-date: /home/brunoconti/workspace/install/turtlesim/include/turtlesim/turtlesim/msg/rosidl_typesupport_fastrtps_c__visibility_control.h
[6.586s] -- Up-to-date: /home/brunoconti/workspace/install/turtlesim/include/turtlesim/turtlesim/msg/detail
[6.586s] -- Up-to-date: /home/brunoconti/workspace/install/turtlesim/include/turtlesim/turtlesim/msg/detail/pose__rosidl_typesupport_fastrtps_c.h
[6.586s] -- Up-to-date: /home/brunoconti/workspace/install/turtlesim/include/turtlesim/turtlesim/msg/detail/color__rosidl_typesupport_fastrtps_c.h
[6.587s] -- Up-to-date: /home/brunoconti/workspace/install/turtlesim/lib/libturtlesim__rosidl_typesupport_fastrtps_c.so
[6.588s] -- Up-to-date: /home/brunoconti/workspace/install/turtlesim/include/turtlesim/turtlesim
[6.588s] -- Up-to-date: /home/brunoconti/workspace/install/turtlesim/include/turtlesim/turtlesim/action
[6.588s] -- Up-to-date: /home/brunoconti/workspace/install/turtlesim/include/turtlesim/turtlesim/action/rotate_absolute.hpp
[6.588s] -- Up-to-date: /home/brunoconti/workspace/install/turtlesim/include/turtlesim/turtlesim/action/detail
[6.588s] -- Up-to-date: /home/brunoconti/workspace/install/turtlesim/include/turtlesim/turtlesim/action/detail/rotate_absolute__traits.hpp
[6.588s] -- Up-to-date: /home/brunoconti/workspace/install/turtlesim/include/turtlesim/turtlesim/action/detail/rotate_absolute__builder.hpp
[6.588s] -- Up-to-date: /home/brunoconti/workspace/install/turtlesim/include/turtlesim/turtlesim/action/detail/rotate_absolute__struct.hpp
[6.589s] -- Up-to-date: /home/brunoconti/workspace/install/turtlesim/include/turtlesim/turtlesim/srv
[6.589s] -- Up-to-date: /home/brunoconti/workspace/install/turtlesim/include/turtlesim/turtlesim/srv/set_pen.hpp
[6.589s] -- Up-to-date: /home/brunoconti/workspace/install/turtlesim/include/turtlesim/turtlesim/srv/teleport_relative.hpp
[6.589s] -- Up-to-date: /home/brunoconti/workspace/install/turtlesim/include/turtlesim/turtlesim/srv/spawn.hpp
[6.589s] -- Up-to-date: /home/brunoconti/workspace/install/turtlesim/include/turtlesim/turtlesim/srv/teleport_absolute.hpp
[6.589s] -- Up-to-date: /home/brunoconti/workspace/install/turtlesim/include/turtlesim/turtlesim/srv/detail
[6.589s] -- Up-to-date: /home/brunoconti/workspace/install/turtlesim/include/turtlesim/turtlesim/srv/detail/teleport_relative__builder.hpp
[6.589s] -- Up-to-date: /home/brunoconti/workspace/install/turtlesim/include/turtlesim/turtlesim/srv/detail/kill__struct.hpp
[6.589s] -- Up-to-date: /home/brunoconti/workspace/install/turtlesim/include/turtlesim/turtlesim/srv/detail/kill__traits.hpp
[6.589s] -- Up-to-date: /home/brunoconti/workspace/install/turtlesim/include/turtlesim/turtlesim/srv/detail/teleport_absolute__builder.hpp
[6.589s] -- Up-to-date: /home/brunoconti/workspace/install/turtlesim/include/turtlesim/turtlesim/srv/detail/spawn__builder.hpp
[6.589s] -- Up-to-date: /home/brunoconti/workspace/install/turtlesim/include/turtlesim/turtlesim/srv/detail/set_pen__traits.hpp
[6.589s] -- Up-to-date: /home/brunoconti/workspace/install/turtlesim/include/turtlesim/turtlesim/srv/detail/set_pen__builder.hpp
[6.589s] -- Up-to-date: /home/brunoconti/workspace/install/turtlesim/include/turtlesim/turtlesim/srv/detail/teleport_relative__traits.hpp
[6.589s] -- Up-to-date: /home/brunoconti/workspace/install/turtlesim/include/turtlesim/turtlesim/srv/detail/teleport_absolute__struct.hpp
[6.589s] -- Up-to-date: /home/brunoconti/workspace/install/turtlesim/include/turtlesim/turtlesim/srv/detail/teleport_relative__struct.hpp
[6.589s] -- Up-to-date: /home/brunoconti/workspace/install/turtlesim/include/turtlesim/turtlesim/srv/detail/set_pen__struct.hpp
[6.589s] -- Up-to-date: /home/brunoconti/workspace/install/turtlesim/include/turtlesim/turtlesim/srv/detail/kill__builder.hpp
[6.589s] -- Up-to-date: /home/brunoconti/workspace/install/turtlesim/include/turtlesim/turtlesim/srv/detail/spawn__traits.hpp
[6.590s] -- Up-to-date: /home/brunoconti/workspace/install/turtlesim/include/turtlesim/turtlesim/srv/detail/teleport_absolute__traits.hpp
[6.590s] -- Up-to-date: /home/brunoconti/workspace/install/turtlesim/include/turtlesim/turtlesim/srv/detail/spawn__struct.hpp
[6.590s] -- Up-to-date: /home/brunoconti/workspace/install/turtlesim/include/turtlesim/turtlesim/srv/kill.hpp
[6.590s] -- Up-to-date: /home/brunoconti/workspace/install/turtlesim/include/turtlesim/turtlesim/msg
[6.590s] -- Up-to-date: /home/brunoconti/workspace/install/turtlesim/include/turtlesim/turtlesim/msg/color.hpp
[6.590s] -- Up-to-date: /home/brunoconti/workspace/install/turtlesim/include/turtlesim/turtlesim/msg/detail
[6.590s] -- Up-to-date: /home/brunoconti/workspace/install/turtlesim/include/turtlesim/turtlesim/msg/detail/color__struct.hpp
[6.590s] -- Up-to-date: /home/brunoconti/workspace/install/turtlesim/include/turtlesim/turtlesim/msg/detail/color__traits.hpp
[6.590s] -- Up-to-date: /home/brunoconti/workspace/install/turtlesim/include/turtlesim/turtlesim/msg/detail/color__builder.hpp
[6.590s] -- Up-to-date: /home/brunoconti/workspace/install/turtlesim/include/turtlesim/turtlesim/msg/detail/pose__traits.hpp
[6.590s] -- Up-to-date: /home/brunoconti/workspace/install/turtlesim/include/turtlesim/turtlesim/msg/detail/pose__builder.hpp
[6.590s] -- Up-to-date: /home/brunoconti/workspace/install/turtlesim/include/turtlesim/turtlesim/msg/detail/pose__struct.hpp
[6.590s] -- Up-to-date: /home/brunoconti/workspace/install/turtlesim/include/turtlesim/turtlesim/msg/pose.hpp
[6.590s] -- Up-to-date: /home/brunoconti/workspace/install/turtlesim/include/turtlesim/turtlesim
[6.591s] -- Up-to-date: /home/brunoconti/workspace/install/turtlesim/include/turtlesim/turtlesim/action
[6.591s] -- Up-to-date: /home/brunoconti/workspace/install/turtlesim/include/turtlesim/turtlesim/action/detail
[6.591s] -- Up-to-date: /home/brunoconti/workspace/install/turtlesim/include/turtlesim/turtlesim/action/detail/dds_fastrtps
[6.591s] -- Up-to-date: /home/brunoconti/workspace/install/turtlesim/include/turtlesim/turtlesim/action/detail/rotate_absolute__rosidl_typesupport_fastrtps_cpp.hpp
[6.591s] -- Up-to-date: /home/brunoconti/workspace/install/turtlesim/include/turtlesim/turtlesim/srv
[6.591s] -- Up-to-date: /home/brunoconti/workspace/install/turtlesim/include/turtlesim/turtlesim/srv/detail
[6.592s] -- Up-to-date: /home/brunoconti/workspace/install/turtlesim/include/turtlesim/turtlesim/srv/detail/set_pen__rosidl_typesupport_fastrtps_cpp.hpp
[6.592s] -- Up-to-date: /home/brunoconti/workspace/install/turtlesim/include/turtlesim/turtlesim/srv/detail/spawn__rosidl_typesupport_fastrtps_cpp.hpp
[6.592s] -- Up-to-date: /home/brunoconti/workspace/install/turtlesim/include/turtlesim/turtlesim/srv/detail/dds_fastrtps
[6.592s] -- Up-to-date: /home/brunoconti/workspace/install/turtlesim/include/turtlesim/turtlesim/srv/detail/kill__rosidl_typesupport_fastrtps_cpp.hpp
[6.592s] -- Up-to-date: /home/brunoconti/workspace/install/turtlesim/include/turtlesim/turtlesim/srv/detail/teleport_absolute__rosidl_typesupport_fastrtps_cpp.hpp
[6.592s] -- Up-to-date: /home/brunoconti/workspace/install/turtlesim/include/turtlesim/turtlesim/srv/detail/teleport_relative__rosidl_typesupport_fastrtps_cpp.hpp
[6.592s] -- Up-to-date: /home/brunoconti/workspace/install/turtlesim/include/turtlesim/turtlesim/msg
[6.593s] -- Up-to-date: /home/brunoconti/workspace/install/turtlesim/include/turtlesim/turtlesim/msg/rosidl_typesupport_fastrtps_cpp__visibility_control.h
[6.593s] -- Up-to-date: /home/brunoconti/workspace/install/turtlesim/include/turtlesim/turtlesim/msg/detail
[6.593s] -- Up-to-date: /home/brunoconti/workspace/install/turtlesim/include/turtlesim/turtlesim/msg/detail/color__rosidl_typesupport_fastrtps_cpp.hpp
[6.593s] -- Up-to-date: /home/brunoconti/workspace/install/turtlesim/include/turtlesim/turtlesim/msg/detail/dds_fastrtps
[6.593s] -- Up-to-date: /home/brunoconti/workspace/install/turtlesim/include/turtlesim/turtlesim/msg/detail/pose__rosidl_typesupport_fastrtps_cpp.hpp
[6.593s] -- Up-to-date: /home/brunoconti/workspace/install/turtlesim/lib/libturtlesim__rosidl_typesupport_fastrtps_cpp.so
[6.593s] -- Up-to-date: /home/brunoconti/workspace/install/turtlesim/include/turtlesim/turtlesim
[6.593s] -- Up-to-date: /home/brunoconti/workspace/install/turtlesim/include/turtlesim/turtlesim/action
[6.593s] -- Up-to-date: /home/brunoconti/workspace/install/turtlesim/include/turtlesim/turtlesim/action/detail
[6.593s] -- Up-to-date: /home/brunoconti/workspace/install/turtlesim/include/turtlesim/turtlesim/action/detail/rotate_absolute__type_support.c
[6.593s] -- Up-to-date: /home/brunoconti/workspace/install/turtlesim/include/turtlesim/turtlesim/action/detail/rotate_absolute__rosidl_typesupport_introspection_c.h
[6.593s] -- Up-to-date: /home/brunoconti/workspace/install/turtlesim/include/turtlesim/turtlesim/srv
[6.593s] -- Up-to-date: /home/brunoconti/workspace/install/turtlesim/include/turtlesim/turtlesim/srv/detail
[6.593s] -- Up-to-date: /home/brunoconti/workspace/install/turtlesim/include/turtlesim/turtlesim/srv/detail/kill__type_support.c
[6.593s] -- Up-to-date: /home/brunoconti/workspace/install/turtlesim/include/turtlesim/turtlesim/srv/detail/set_pen__rosidl_typesupport_introspection_c.h
[6.593s] -- Up-to-date: /home/brunoconti/workspace/install/turtlesim/include/turtlesim/turtlesim/srv/detail/teleport_absolute__rosidl_typesupport_introspection_c.h
[6.593s] -- Up-to-date: /home/brunoconti/workspace/install/turtlesim/include/turtlesim/turtlesim/srv/detail/teleport_relative__type_support.c
[6.594s] -- Up-to-date: /home/brunoconti/workspace/install/turtlesim/include/turtlesim/turtlesim/srv/detail/teleport_absolute__type_support.c
[6.594s] -- Up-to-date: /home/brunoconti/workspace/install/turtlesim/include/turtlesim/turtlesim/srv/detail/spawn__rosidl_typesupport_introspection_c.h
[6.594s] -- Up-to-date: /home/brunoconti/workspace/install/turtlesim/include/turtlesim/turtlesim/srv/detail/spawn__type_support.c
[6.594s] -- Up-to-date: /home/brunoconti/workspace/install/turtlesim/include/turtlesim/turtlesim/srv/detail/kill__rosidl_typesupport_introspection_c.h
[6.594s] -- Up-to-date: /home/brunoconti/workspace/install/turtlesim/include/turtlesim/turtlesim/srv/detail/set_pen__type_support.c
[6.594s] -- Up-to-date: /home/brunoconti/workspace/install/turtlesim/include/turtlesim/turtlesim/srv/detail/teleport_relative__rosidl_typesupport_introspection_c.h
[6.594s] -- Up-to-date: /home/brunoconti/workspace/install/turtlesim/include/turtlesim/turtlesim/msg
[6.594s] -- Up-to-date: /home/brunoconti/workspace/install/turtlesim/include/turtlesim/turtlesim/msg/rosidl_typesupport_introspection_c__visibility_control.h
[6.594s] -- Up-to-date: /home/brunoconti/workspace/install/turtlesim/include/turtlesim/turtlesim/msg/detail
[6.594s] -- Up-to-date: /home/brunoconti/workspace/install/turtlesim/include/turtlesim/turtlesim/msg/detail/pose__rosidl_typesupport_introspection_c.h
[6.594s] -- Up-to-date: /home/brunoconti/workspace/install/turtlesim/include/turtlesim/turtlesim/msg/detail/color__rosidl_typesupport_introspection_c.h
[6.594s] -- Up-to-date: /home/brunoconti/workspace/install/turtlesim/include/turtlesim/turtlesim/msg/detail/color__type_support.c
[6.594s] -- Up-to-date: /home/brunoconti/workspace/install/turtlesim/include/turtlesim/turtlesim/msg/detail/pose__type_support.c
[6.594s] -- Up-to-date: /home/brunoconti/workspace/install/turtlesim/lib/libturtlesim__rosidl_typesupport_introspection_c.so
[6.595s] -- Up-to-date: /home/brunoconti/workspace/install/turtlesim/lib/libturtlesim__rosidl_typesupport_c.so
[6.596s] -- Up-to-date: /home/brunoconti/workspace/install/turtlesim/include/turtlesim/turtlesim
[6.596s] -- Up-to-date: /home/brunoconti/workspace/install/turtlesim/include/turtlesim/turtlesim/action
[6.596s] -- Up-to-date: /home/brunoconti/workspace/install/turtlesim/include/turtlesim/turtlesim/action/detail
[6.596s] -- Up-to-date: /home/brunoconti/workspace/install/turtlesim/include/turtlesim/turtlesim/action/detail/rotate_absolute__rosidl_typesupport_introspection_cpp.hpp
[6.597s] -- Up-to-date: /home/brunoconti/workspace/install/turtlesim/include/turtlesim/turtlesim/action/detail/rotate_absolute__type_support.cpp
[6.597s] -- Up-to-date: /home/brunoconti/workspace/install/turtlesim/include/turtlesim/turtlesim/srv
[6.597s] -- Up-to-date: /home/brunoconti/workspace/install/turtlesim/include/turtlesim/turtlesim/srv/detail
[6.597s] -- Up-to-date: /home/brunoconti/workspace/install/turtlesim/include/turtlesim/turtlesim/srv/detail/teleport_absolute__rosidl_typesupport_introspection_cpp.hpp
[6.597s] -- Up-to-date: /home/brunoconti/workspace/install/turtlesim/include/turtlesim/turtlesim/srv/detail/teleport_absolute__type_support.cpp
[6.597s] -- Up-to-date: /home/brunoconti/workspace/install/turtlesim/include/turtlesim/turtlesim/srv/detail/set_pen__rosidl_typesupport_introspection_cpp.hpp
[6.597s] -- Up-to-date: /home/brunoconti/workspace/install/turtlesim/include/turtlesim/turtlesim/srv/detail/spawn__rosidl_typesupport_introspection_cpp.hpp
[6.597s] -- Up-to-date: /home/brunoconti/workspace/install/turtlesim/include/turtlesim/turtlesim/srv/detail/teleport_relative__type_support.cpp
[6.597s] -- Up-to-date: /home/brunoconti/workspace/install/turtlesim/include/turtlesim/turtlesim/srv/detail/kill__type_support.cpp
[6.597s] -- Up-to-date: /home/brunoconti/workspace/install/turtlesim/include/turtlesim/turtlesim/srv/detail/teleport_relative__rosidl_typesupport_introspection_cpp.hpp
[6.597s] -- Up-to-date: /home/brunoconti/workspace/install/turtlesim/include/turtlesim/turtlesim/srv/detail/kill__rosidl_typesupport_introspection_cpp.hpp
[6.597s] -- Up-to-date: /home/brunoconti/workspace/install/turtlesim/include/turtlesim/turtlesim/srv/detail/set_pen__type_support.cpp
[6.597s] -- Up-to-date: /home/brunoconti/workspace/install/turtlesim/include/turtlesim/turtlesim/srv/detail/spawn__type_support.cpp
[6.597s] -- Up-to-date: /home/brunoconti/workspace/install/turtlesim/include/turtlesim/turtlesim/msg
[6.597s] -- Up-to-date: /home/brunoconti/workspace/install/turtlesim/include/turtlesim/turtlesim/msg/detail
[6.597s] -- Up-to-date: /home/brunoconti/workspace/install/turtlesim/include/turtlesim/turtlesim/msg/detail/color__type_support.cpp
[6.598s] -- Up-to-date: /home/brunoconti/workspace/install/turtlesim/include/turtlesim/turtlesim/msg/detail/color__rosidl_typesupport_introspection_cpp.hpp
[6.598s] -- Up-to-date: /home/brunoconti/workspace/install/turtlesim/include/turtlesim/turtlesim/msg/detail/pose__rosidl_typesupport_introspection_cpp.hpp
[6.598s] -- Up-to-date: /home/brunoconti/workspace/install/turtlesim/include/turtlesim/turtlesim/msg/detail/pose__type_support.cpp
[6.598s] -- Up-to-date: /home/brunoconti/workspace/install/turtlesim/lib/libturtlesim__rosidl_typesupport_introspection_cpp.so
[6.599s] -- Up-to-date: /home/brunoconti/workspace/install/turtlesim/lib/libturtlesim__rosidl_typesupport_cpp.so
[6.600s] -- Up-to-date: /home/brunoconti/workspace/install/turtlesim/share/turtlesim/environment/pythonpath.sh
[6.600s] -- Up-to-date: /home/brunoconti/workspace/install/turtlesim/share/turtlesim/environment/pythonpath.dsv
[6.600s] -- Up-to-date: /home/brunoconti/workspace/install/turtlesim/local/lib/python3.10/dist-packages/turtlesim-1.4.2-py3.10.egg-info
[6.600s] -- Installing: /home/brunoconti/workspace/install/turtlesim/local/lib/python3.10/dist-packages/turtlesim-1.4.2-py3.10.egg-info/PKG-INFO
[6.601s] -- Installing: /home/brunoconti/workspace/install/turtlesim/local/lib/python3.10/dist-packages/turtlesim-1.4.2-py3.10.egg-info/top_level.txt
[6.601s] -- Installing: /home/brunoconti/workspace/install/turtlesim/local/lib/python3.10/dist-packages/turtlesim-1.4.2-py3.10.egg-info/dependency_links.txt
[6.601s] -- Installing: /home/brunoconti/workspace/install/turtlesim/local/lib/python3.10/dist-packages/turtlesim-1.4.2-py3.10.egg-info/SOURCES.txt
[6.601s] -- Up-to-date: /home/brunoconti/workspace/install/turtlesim/local/lib/python3.10/dist-packages/turtlesim
[6.601s] -- Up-to-date: /home/brunoconti/workspace/install/turtlesim/local/lib/python3.10/dist-packages/turtlesim/__init__.py
[6.601s] -- Up-to-date: /home/brunoconti/workspace/install/turtlesim/local/lib/python3.10/dist-packages/turtlesim/turtlesim_s__rosidl_typesupport_introspection_c.cpython-310-x86_64-linux-gnu.so
[6.601s] -- Up-to-date: /home/brunoconti/workspace/install/turtlesim/local/lib/python3.10/dist-packages/turtlesim/action
[6.601s] -- Up-to-date: /home/brunoconti/workspace/install/turtlesim/local/lib/python3.10/dist-packages/turtlesim/action/__init__.py
[6.601s] -- Up-to-date: /home/brunoconti/workspace/install/turtlesim/local/lib/python3.10/dist-packages/turtlesim/action/_rotate_absolute_s.c
[6.601s] -- Up-to-date: /home/brunoconti/workspace/install/turtlesim/local/lib/python3.10/dist-packages/turtlesim/action/_rotate_absolute.py
[6.601s] -- Up-to-date: /home/brunoconti/workspace/install/turtlesim/local/lib/python3.10/dist-packages/turtlesim/turtlesim_s__rosidl_typesupport_c.cpython-310-x86_64-linux-gnu.so
[6.601s] -- Up-to-date: /home/brunoconti/workspace/install/turtlesim/local/lib/python3.10/dist-packages/turtlesim/_turtlesim_s.ep.rosidl_typesupport_fastrtps_c.c
[6.602s] -- Up-to-date: /home/brunoconti/workspace/install/turtlesim/local/lib/python3.10/dist-packages/turtlesim/libturtlesim__rosidl_generator_py.so
[6.602s] -- Up-to-date: /home/brunoconti/workspace/install/turtlesim/local/lib/python3.10/dist-packages/turtlesim/srv
[6.602s] -- Up-to-date: /home/brunoconti/workspace/install/turtlesim/local/lib/python3.10/dist-packages/turtlesim/srv/_teleport_absolute.py
[6.602s] -- Up-to-date: /home/brunoconti/workspace/install/turtlesim/local/lib/python3.10/dist-packages/turtlesim/srv/__init__.py
[6.602s] -- Up-to-date: /home/brunoconti/workspace/install/turtlesim/local/lib/python3.10/dist-packages/turtlesim/srv/_teleport_relative_s.c
[6.602s] -- Up-to-date: /home/brunoconti/workspace/install/turtlesim/local/lib/python3.10/dist-packages/turtlesim/srv/_teleport_relative.py
[6.602s] -- Up-to-date: /home/brunoconti/workspace/install/turtlesim/local/lib/python3.10/dist-packages/turtlesim/srv/_set_pen_s.c
[6.602s] -- Up-to-date: /home/brunoconti/workspace/install/turtlesim/local/lib/python3.10/dist-packages/turtlesim/srv/_kill_s.c
[6.602s] -- Up-to-date: /home/brunoconti/workspace/install/turtlesim/local/lib/python3.10/dist-packages/turtlesim/srv/_teleport_absolute_s.c
[6.602s] -- Up-to-date: /home/brunoconti/workspace/install/turtlesim/local/lib/python3.10/dist-packages/turtlesim/srv/_spawn_s.c
[6.602s] -- Up-to-date: /home/brunoconti/workspace/install/turtlesim/local/lib/python3.10/dist-packages/turtlesim/srv/_kill.py
[6.602s] -- Up-to-date: /home/brunoconti/workspace/install/turtlesim/local/lib/python3.10/dist-packages/turtlesim/srv/_spawn.py
[6.602s] -- Up-to-date: /home/brunoconti/workspace/install/turtlesim/local/lib/python3.10/dist-packages/turtlesim/srv/_set_pen.py
[6.602s] -- Up-to-date: /home/brunoconti/workspace/install/turtlesim/local/lib/python3.10/dist-packages/turtlesim/turtlesim_s__rosidl_typesupport_fastrtps_c.cpython-310-x86_64-linux-gnu.so
[6.602s] -- Up-to-date: /home/brunoconti/workspace/install/turtlesim/local/lib/python3.10/dist-packages/turtlesim/_turtlesim_s.ep.rosidl_typesupport_introspection_c.c
[6.602s] -- Up-to-date: /home/brunoconti/workspace/install/turtlesim/local/lib/python3.10/dist-packages/turtlesim/msg
[6.603s] -- Up-to-date: /home/brunoconti/workspace/install/turtlesim/local/lib/python3.10/dist-packages/turtlesim/msg/__init__.py
[6.603s] -- Up-to-date: /home/brunoconti/workspace/install/turtlesim/local/lib/python3.10/dist-packages/turtlesim/msg/_color_s.c
[6.603s] -- Up-to-date: /home/brunoconti/workspace/install/turtlesim/local/lib/python3.10/dist-packages/turtlesim/msg/_pose_s.c
[6.603s] -- Up-to-date: /home/brunoconti/workspace/install/turtlesim/local/lib/python3.10/dist-packages/turtlesim/msg/_color.py
[6.603s] -- Up-to-date: /home/brunoconti/workspace/install/turtlesim/local/lib/python3.10/dist-packages/turtlesim/msg/_pose.py
[6.603s] -- Up-to-date: /home/brunoconti/workspace/install/turtlesim/local/lib/python3.10/dist-packages/turtlesim/_turtlesim_s.ep.rosidl_typesupport_c.c
[6.626s] Listing '/home/brunoconti/workspace/install/turtlesim/local/lib/python3.10/dist-packages/turtlesim'...
[6.626s] Listing '/home/brunoconti/workspace/install/turtlesim/local/lib/python3.10/dist-packages/turtlesim/action'...
[6.626s] Listing '/home/brunoconti/workspace/install/turtlesim/local/lib/python3.10/dist-packages/turtlesim/msg'...
[6.626s] Listing '/home/brunoconti/workspace/install/turtlesim/local/lib/python3.10/dist-packages/turtlesim/srv'...
[6.629s] -- Up-to-date: /home/brunoconti/workspace/install/turtlesim/local/lib/python3.10/dist-packages/turtlesim/turtlesim_s__rosidl_typesupport_fastrtps_c.cpython-310-x86_64-linux-gnu.so
[6.629s] -- Up-to-date: /home/brunoconti/workspace/install/turtlesim/local/lib/python3.10/dist-packages/turtlesim/turtlesim_s__rosidl_typesupport_introspection_c.cpython-310-x86_64-linux-gnu.so
[6.629s] -- Up-to-date: /home/brunoconti/workspace/install/turtlesim/local/lib/python3.10/dist-packages/turtlesim/turtlesim_s__rosidl_typesupport_c.cpython-310-x86_64-linux-gnu.so
[6.631s] -- Up-to-date: /home/brunoconti/workspace/install/turtlesim/lib/libturtlesim__rosidl_generator_py.so
[6.631s] -- Up-to-date: /home/brunoconti/workspace/install/turtlesim/share/turtlesim/action/RotateAbsolute.idl
[6.631s] -- Up-to-date: /home/brunoconti/workspace/install/turtlesim/share/turtlesim/msg/Color.idl
[6.631s] -- Up-to-date: /home/brunoconti/workspace/install/turtlesim/share/turtlesim/msg/Pose.idl
[6.632s] -- Up-to-date: /home/brunoconti/workspace/install/turtlesim/share/turtlesim/srv/Kill.idl
[6.632s] -- Up-to-date: /home/brunoconti/workspace/install/turtlesim/share/turtlesim/srv/SetPen.idl
[6.632s] -- Up-to-date: /home/brunoconti/workspace/install/turtlesim/share/turtlesim/srv/Spawn.idl
[6.632s] -- Up-to-date: /home/brunoconti/workspace/install/turtlesim/share/turtlesim/srv/TeleportAbsolute.idl
[6.632s] -- Up-to-date: /home/brunoconti/workspace/install/turtlesim/share/turtlesim/srv/TeleportRelative.idl
[6.632s] -- Up-to-date: /home/brunoconti/workspace/install/turtlesim/share/turtlesim/action/RotateAbsolute.action
[6.633s] -- Up-to-date: /home/brunoconti/workspace/install/turtlesim/share/turtlesim/msg/Color.msg
[6.633s] -- Up-to-date: /home/brunoconti/workspace/install/turtlesim/share/turtlesim/msg/Pose.msg
[6.633s] -- Up-to-date: /home/brunoconti/workspace/install/turtlesim/share/turtlesim/srv/Kill.srv
[6.633s] -- Up-to-date: /home/brunoconti/workspace/install/turtlesim/share/turtlesim/srv/Kill_Request.msg
[6.633s] -- Up-to-date: /home/brunoconti/workspace/install/turtlesim/share/turtlesim/srv/Kill_Response.msg
[6.633s] -- Up-to-date: /home/brunoconti/workspace/install/turtlesim/share/turtlesim/srv/SetPen.srv
[6.633s] -- Up-to-date: /home/brunoconti/workspace/install/turtlesim/share/turtlesim/srv/SetPen_Request.msg
[6.633s] -- Up-to-date: /home/brunoconti/workspace/install/turtlesim/share/turtlesim/srv/SetPen_Response.msg
[6.633s] -- Up-to-date: /home/brunoconti/workspace/install/turtlesim/share/turtlesim/srv/Spawn.srv
[6.633s] -- Up-to-date: /home/brunoconti/workspace/install/turtlesim/share/turtlesim/srv/Spawn_Request.msg
[6.633s] -- Up-to-date: /home/brunoconti/workspace/install/turtlesim/share/turtlesim/srv/Spawn_Response.msg
[6.633s] -- Up-to-date: /home/brunoconti/workspace/install/turtlesim/share/turtlesim/srv/TeleportAbsolute.srv
[6.634s] -- Up-to-date: /home/brunoconti/workspace/install/turtlesim/share/turtlesim/srv/TeleportAbsolute_Request.msg
[6.634s] -- Up-to-date: /home/brunoconti/workspace/install/turtlesim/share/turtlesim/srv/TeleportAbsolute_Response.msg
[6.634s] -- Up-to-date: /home/brunoconti/workspace/install/turtlesim/share/turtlesim/srv/TeleportRelative.srv
[6.634s] -- Up-to-date: /home/brunoconti/workspace/install/turtlesim/share/turtlesim/srv/TeleportRelative_Request.msg
[6.635s] -- Up-to-date: /home/brunoconti/workspace/install/turtlesim/share/turtlesim/srv/TeleportRelative_Response.msg
[6.635s] -- Up-to-date: /home/brunoconti/workspace/install/turtlesim/lib/turtlesim/turtlesim_node
[6.636s] -- Installing: /home/brunoconti/workspace/install/turtlesim/lib/turtlesim/turtle_teleop_key
[6.643s] -- Set runtime path of "/home/brunoconti/workspace/install/turtlesim/lib/turtlesim/turtle_teleop_key" to ""
[6.644s] -- Up-to-date: /home/brunoconti/workspace/install/turtlesim/lib/turtlesim/draw_square
[6.645s] -- Up-to-date: /home/brunoconti/workspace/install/turtlesim/lib/turtlesim/mimic
[6.646s] -- Up-to-date: /home/brunoconti/workspace/install/turtlesim/share/turtlesim/images
[6.646s] -- Up-to-date: /home/brunoconti/workspace/install/turtlesim/share/turtlesim/images/humble.png
[6.646s] -- Up-to-date: /home/brunoconti/workspace/install/turtlesim/share/turtlesim/images/galactic.png
[6.646s] -- Up-to-date: /home/brunoconti/workspace/install/turtlesim/share/turtlesim/images/foxy.png
[6.646s] -- Up-to-date: /home/brunoconti/workspace/install/turtlesim/share/turtlesim/images/eloquent.png
[6.646s] -- Up-to-date: /home/brunoconti/workspace/install/turtlesim/share/turtlesim/images/ardent.png
[6.646s] -- Up-to-date: /home/brunoconti/workspace/install/turtlesim/share/turtlesim/images/dashing.png
[6.646s] -- Up-to-date: /home/brunoconti/workspace/install/turtlesim/share/turtlesim/images/rolling.png
[6.646s] -- Up-to-date: /home/brunoconti/workspace/install/turtlesim/share/turtlesim/images/bouncy.png
[6.646s] -- Up-to-date: /home/brunoconti/workspace/install/turtlesim/share/turtlesim/images/crystal.png
[6.646s] -- Up-to-date: /home/brunoconti/workspace/install/turtlesim/share/turtlesim/launch
[6.646s] -- Up-to-date: /home/brunoconti/workspace/install/turtlesim/share/turtlesim/launch/multisim.launch.py
[6.646s] -- Up-to-date: /home/brunoconti/workspace/install/turtlesim/share/ament_index/resource_index/package_run_dependencies/turtlesim
[6.646s] -- Up-to-date: /home/brunoconti/workspace/install/turtlesim/share/ament_index/resource_index/parent_prefix_path/turtlesim
[6.646s] -- Up-to-date: /home/brunoconti/workspace/install/turtlesim/share/turtlesim/environment/ament_prefix_path.sh
[6.646s] -- Up-to-date: /home/brunoconti/workspace/install/turtlesim/share/turtlesim/environment/ament_prefix_path.dsv
[6.646s] -- Up-to-date: /home/brunoconti/workspace/install/turtlesim/share/turtlesim/environment/path.sh
[6.647s] -- Up-to-date: /home/brunoconti/workspace/install/turtlesim/share/turtlesim/environment/path.dsv
[6.647s] -- Up-to-date: /home/brunoconti/workspace/install/turtlesim/share/turtlesim/local_setup.bash
[6.647s] -- Up-to-date: /home/brunoconti/workspace/install/turtlesim/share/turtlesim/local_setup.sh
[6.647s] -- Up-to-date: /home/brunoconti/workspace/install/turtlesim/share/turtlesim/local_setup.zsh
[6.648s] -- Up-to-date: /home/brunoconti/workspace/install/turtlesim/share/turtlesim/local_setup.dsv
[6.648s] -- Installing: /home/brunoconti/workspace/install/turtlesim/share/turtlesim/package.dsv
[6.649s] -- Up-to-date: /home/brunoconti/workspace/install/turtlesim/share/ament_index/resource_index/packages/turtlesim
[6.649s] -- Up-to-date: /home/brunoconti/workspace/install/turtlesim/share/turtlesim/cmake/export_turtlesim__rosidl_generator_cExport.cmake
[6.649s] -- Up-to-date: /home/brunoconti/workspace/install/turtlesim/share/turtlesim/cmake/export_turtlesim__rosidl_generator_cExport-noconfig.cmake
[6.650s] -- Up-to-date: /home/brunoconti/workspace/install/turtlesim/share/turtlesim/cmake/export_turtlesim__rosidl_typesupport_fastrtps_cExport.cmake
[6.650s] -- Up-to-date: /home/brunoconti/workspace/install/turtlesim/share/turtlesim/cmake/export_turtlesim__rosidl_typesupport_fastrtps_cExport-noconfig.cmake
[6.650s] -- Up-to-date: /home/brunoconti/workspace/install/turtlesim/share/turtlesim/cmake/export_turtlesim__rosidl_generator_cppExport.cmake
[6.650s] -- Up-to-date: /home/brunoconti/workspace/install/turtlesim/share/turtlesim/cmake/export_turtlesim__rosidl_typesupport_fastrtps_cppExport.cmake
[6.650s] -- Up-to-date: /home/brunoconti/workspace/install/turtlesim/share/turtlesim/cmake/export_turtlesim__rosidl_typesupport_fastrtps_cppExport-noconfig.cmake
[6.650s] -- Up-to-date: /home/brunoconti/workspace/install/turtlesim/share/turtlesim/cmake/turtlesim__rosidl_typesupport_introspection_cExport.cmake
[6.650s] -- Up-to-date: /home/brunoconti/workspace/install/turtlesim/share/turtlesim/cmake/turtlesim__rosidl_typesupport_introspection_cExport-noconfig.cmake
[6.650s] -- Up-to-date: /home/brunoconti/workspace/install/turtlesim/share/turtlesim/cmake/turtlesim__rosidl_typesupport_cExport.cmake
[6.650s] -- Up-to-date: /home/brunoconti/workspace/install/turtlesim/share/turtlesim/cmake/turtlesim__rosidl_typesupport_cExport-noconfig.cmake
[6.650s] -- Up-to-date: /home/brunoconti/workspace/install/turtlesim/share/turtlesim/cmake/turtlesim__rosidl_typesupport_introspection_cppExport.cmake
[6.650s] -- Up-to-date: /home/brunoconti/workspace/install/turtlesim/share/turtlesim/cmake/turtlesim__rosidl_typesupport_introspection_cppExport-noconfig.cmake
[6.650s] -- Up-to-date: /home/brunoconti/workspace/install/turtlesim/share/turtlesim/cmake/turtlesim__rosidl_typesupport_cppExport.cmake
[6.651s] -- Up-to-date: /home/brunoconti/workspace/install/turtlesim/share/turtlesim/cmake/turtlesim__rosidl_typesupport_cppExport-noconfig.cmake
[6.651s] -- Up-to-date: /home/brunoconti/workspace/install/turtlesim/share/turtlesim/cmake/export_turtlesim__rosidl_generator_pyExport.cmake
[6.651s] -- Up-to-date: /home/brunoconti/workspace/install/turtlesim/share/turtlesim/cmake/export_turtlesim__rosidl_generator_pyExport-noconfig.cmake
[6.651s] -- Up-to-date: /home/brunoconti/workspace/install/turtlesim/share/turtlesim/cmake/rosidl_cmake-extras.cmake
[6.651s] -- Up-to-date: /home/brunoconti/workspace/install/turtlesim/share/turtlesim/cmake/ament_cmake_export_dependencies-extras.cmake
[6.651s] -- Up-to-date: /home/brunoconti/workspace/install/turtlesim/share/turtlesim/cmake/ament_cmake_export_include_directories-extras.cmake
[6.652s] -- Up-to-date: /home/brunoconti/workspace/install/turtlesim/share/turtlesim/cmake/ament_cmake_export_libraries-extras.cmake
[6.652s] -- Up-to-date: /home/brunoconti/workspace/install/turtlesim/share/turtlesim/cmake/ament_cmake_export_targets-extras.cmake
[6.652s] -- Up-to-date: /home/brunoconti/workspace/install/turtlesim/share/turtlesim/cmake/rosidl_cmake_export_typesupport_targets-extras.cmake
[6.652s] -- Up-to-date: /home/brunoconti/workspace/install/turtlesim/share/turtlesim/cmake/rosidl_cmake_export_typesupport_libraries-extras.cmake
[6.653s] -- Up-to-date: /home/brunoconti/workspace/install/turtlesim/share/turtlesim/cmake/turtlesimConfig.cmake
[6.653s] -- Up-to-date: /home/brunoconti/workspace/install/turtlesim/share/turtlesim/cmake/turtlesimConfig-version.cmake
[6.653s] -- Up-to-date: /home/brunoconti/workspace/install/turtlesim/share/turtlesim/package.xml
[6.656s] Invoked command in '/home/brunoconti/workspace/build/turtlesim' returned '0': CMAKE_PREFIX_PATH=/home/brunoconti/meu_workspace/src/ola_mundo/install/ola_mundo:/opt/ros/humble /usr/bin/cmake --install /home/brunoconti/workspace/build/turtlesim
